{"/home/elen.salustiano/Documentos/acho-server/src/router.js": {"path":"/home/elen.salustiano/Documentos/acho-server/src/router.js","statementMap":{"0":{"start":{"line":1,"column":12},"end":{"line":1,"column":32}},"1":{"start":{"line":3,"column":24},"end":{"line":3,"column":53}},"2":{"start":{"line":4,"column":23},"end":{"line":4,"column":51}},"3":{"start":{"line":6,"column":20},"end":{"line":6,"column":57}},"4":{"start":{"line":7,"column":18},"end":{"line":7,"column":53}},"5":{"start":{"line":8,"column":13},"end":{"line":8,"column":43}},"6":{"start":{"line":9,"column":17},"end":{"line":9,"column":51}},"7":{"start":{"line":10,"column":15},"end":{"line":10,"column":47}},"8":{"start":{"line":11,"column":15},"end":{"line":11,"column":47}},"9":{"start":{"line":12,"column":21},"end":{"line":12,"column":59}},"10":{"start":{"line":15,"column":0},"end":{"line":15,"column":30}},"11":{"start":{"line":16,"column":0},"end":{"line":16,"column":52}},"12":{"start":{"line":17,"column":0},"end":{"line":17,"column":49}},"13":{"start":{"line":20,"column":0},"end":{"line":20,"column":42}},"14":{"start":{"line":21,"column":0},"end":{"line":21,"column":57}},"15":{"start":{"line":24,"column":0},"end":{"line":24,"column":46}},"16":{"start":{"line":25,"column":0},"end":{"line":25,"column":44}},"17":{"start":{"line":26,"column":0},"end":{"line":26,"column":61}},"18":{"start":{"line":29,"column":0},"end":{"line":29,"column":56}},"19":{"start":{"line":30,"column":0},"end":{"line":30,"column":55}},"20":{"start":{"line":31,"column":0},"end":{"line":31,"column":68}},"21":{"start":{"line":32,"column":0},"end":{"line":32,"column":34}},"22":{"start":{"line":35,"column":0},"end":{"line":35,"column":52}},"23":{"start":{"line":36,"column":0},"end":{"line":36,"column":51}},"24":{"start":{"line":37,"column":0},"end":{"line":37,"column":52}},"25":{"start":{"line":38,"column":0},"end":{"line":38,"column":62}},"26":{"start":{"line":40,"column":0},"end":{"line":40,"column":39}},"27":{"start":{"line":41,"column":0},"end":{"line":41,"column":57}},"28":{"start":{"line":42,"column":0},"end":{"line":42,"column":60}},"29":{"start":{"line":43,"column":0},"end":{"line":43,"column":70}},"30":{"start":{"line":45,"column":0},"end":{"line":45,"column":72}},"31":{"start":{"line":46,"column":0},"end":{"line":46,"column":75}},"32":{"start":{"line":47,"column":0},"end":{"line":47,"column":83}},"33":{"start":{"line":50,"column":0},"end":{"line":50,"column":36}},"34":{"start":{"line":51,"column":0},"end":{"line":51,"column":30}},"35":{"start":{"line":54,"column":0},"end":{"line":54,"column":64}},"36":{"start":{"line":55,"column":0},"end":{"line":55,"column":58}},"37":{"start":{"line":56,"column":0},"end":{"line":56,"column":80}},"38":{"start":{"line":58,"column":0},"end":{"line":58,"column":24}},"39":{"start":{"line":60,"column":0},"end":{"line":60,"column":20}}},"fnMap":{},"branchMap":{},"s":{"0":1,"1":1,"2":1,"3":1,"4":1,"5":1,"6":1,"7":1,"8":1,"9":1,"10":1,"11":1,"12":1,"13":1,"14":1,"15":1,"16":1,"17":1,"18":1,"19":1,"20":1,"21":1,"22":1,"23":1,"24":1,"25":1,"26":1,"27":1,"28":1,"29":1,"30":1,"31":1,"32":1,"33":1,"34":1,"35":1,"36":1,"37":1,"38":1,"39":1},"f":{},"b":{},"_coverageSchema":"43e27e138ebf9cfc5966b082cf9a028302ed4184","hash":"3f0586899f1f74cb1320f5e9c1f8a3f74baabf63"}
,"/home/elen.salustiano/Documentos/acho-server/src/app/lib/category.js": {"path":"/home/elen.salustiano/Documentos/acho-server/src/app/lib/category.js","statementMap":{"0":{"start":{"line":1,"column":27},"end":{"line":1,"column":62}},"1":{"start":{"line":2,"column":25},"end":{"line":2,"column":58}},"2":{"start":{"line":3,"column":28},"end":{"line":3,"column":51}},"3":{"start":{"line":9,"column":12},"end":{"line":9,"column":43}},"4":{"start":{"line":9,"column":18},"end":{"line":9,"column":43}},"5":{"start":{"line":15,"column":28},"end":{"line":18,"column":1}},"6":{"start":{"line":16,"column":21},"end":{"line":16,"column":63}},"7":{"start":{"line":17,"column":2},"end":{"line":17,"column":106}},"8":{"start":{"line":17,"column":18},"end":{"line":17,"column":106}},"9":{"start":{"line":25,"column":17},"end":{"line":28,"column":1}},"10":{"start":{"line":26,"column":2},"end":{"line":26,"column":42}},"11":{"start":{"line":27,"column":2},"end":{"line":27,"column":46}},"12":{"start":{"line":36,"column":23},"end":{"line":44,"column":1}},"13":{"start":{"line":37,"column":17},"end":{"line":41,"column":4}},"14":{"start":{"line":43,"column":2},"end":{"line":43,"column":87}},"15":{"start":{"line":43,"column":30},"end":{"line":43,"column":87}},"16":{"start":{"line":52,"column":26},"end":{"line":55,"column":1}},"17":{"start":{"line":53,"column":21},"end":{"line":53,"column":76}},"18":{"start":{"line":54,"column":2},"end":{"line":54,"column":38}},"19":{"start":{"line":63,"column":27},"end":{"line":66,"column":1}},"20":{"start":{"line":64,"column":21},"end":{"line":64,"column":82}},"21":{"start":{"line":65,"column":2},"end":{"line":65,"column":57}},"22":{"start":{"line":74,"column":29},"end":{"line":77,"column":1}},"23":{"start":{"line":75,"column":2},"end":{"line":75,"column":77}},"24":{"start":{"line":75,"column":32},"end":{"line":75,"column":77}},"25":{"start":{"line":76,"column":2},"end":{"line":76,"column":25}},"26":{"start":{"line":87,"column":29},"end":{"line":97,"column":1}},"27":{"start":{"line":88,"column":25},"end":{"line":88,"column":116}},"28":{"start":{"line":88,"column":51},"end":{"line":88,"column":115}},"29":{"start":{"line":88,"column":83},"end":{"line":88,"column":107}},"30":{"start":{"line":89,"column":25},"end":{"line":89,"column":116}},"31":{"start":{"line":89,"column":55},"end":{"line":89,"column":115}},"32":{"start":{"line":89,"column":83},"end":{"line":89,"column":107}},"33":{"start":{"line":90,"column":22},"end":{"line":90,"column":113}},"34":{"start":{"line":90,"column":48},"end":{"line":90,"column":112}},"35":{"start":{"line":90,"column":80},"end":{"line":90,"column":104}},"36":{"start":{"line":92,"column":2},"end":{"line":96,"column":3}},"37":{"start":{"line":104,"column":21},"end":{"line":124,"column":1}},"38":{"start":{"line":105,"column":2},"end":{"line":123,"column":3}},"39":{"start":{"line":106,"column":52},"end":{"line":106,"column":67}},"40":{"start":{"line":111,"column":8},"end":{"line":111,"column":75}},"41":{"start":{"line":113,"column":36},"end":{"line":113,"column":126}},"42":{"start":{"line":113,"column":81},"end":{"line":113,"column":124}},"43":{"start":{"line":114,"column":28},"end":{"line":114,"column":84}},"44":{"start":{"line":116,"column":4},"end":{"line":116,"column":104}},"45":{"start":{"line":116,"column":50},"end":{"line":116,"column":102}},"46":{"start":{"line":118,"column":4},"end":{"line":118,"column":105}},"47":{"start":{"line":118,"column":50},"end":{"line":118,"column":103}},"48":{"start":{"line":120,"column":4},"end":{"line":120,"column":59}},"49":{"start":{"line":122,"column":4},"end":{"line":122,"column":65}},"50":{"start":{"line":131,"column":19},"end":{"line":144,"column":1}},"51":{"start":{"line":132,"column":2},"end":{"line":143,"column":3}},"52":{"start":{"line":133,"column":52},"end":{"line":133,"column":67}},"53":{"start":{"line":135,"column":25},"end":{"line":135,"column":97}},"54":{"start":{"line":135,"column":61},"end":{"line":135,"column":96}},"55":{"start":{"line":136,"column":35},"end":{"line":136,"column":117}},"56":{"start":{"line":136,"column":78},"end":{"line":136,"column":115}},"57":{"start":{"line":137,"column":26},"end":{"line":137,"column":81}},"58":{"start":{"line":139,"column":4},"end":{"line":139,"column":76}},"59":{"start":{"line":140,"column":4},"end":{"line":140,"column":65}},"60":{"start":{"line":142,"column":4},"end":{"line":142,"column":65}},"61":{"start":{"line":151,"column":24},"end":{"line":161,"column":1}},"62":{"start":{"line":152,"column":2},"end":{"line":160,"column":3}},"63":{"start":{"line":153,"column":21},"end":{"line":153,"column":74}},"64":{"start":{"line":154,"column":4},"end":{"line":154,"column":69}},"65":{"start":{"line":154,"column":19},"end":{"line":154,"column":69}},"66":{"start":{"line":156,"column":4},"end":{"line":156,"column":19}},"67":{"start":{"line":158,"column":4},"end":{"line":158,"column":86}},"68":{"start":{"line":158,"column":36},"end":{"line":158,"column":86}},"69":{"start":{"line":159,"column":4},"end":{"line":159,"column":15}},"70":{"start":{"line":168,"column":15},"end":{"line":177,"column":1}},"71":{"start":{"line":169,"column":44},"end":{"line":169,"column":52}},"72":{"start":{"line":170,"column":26},"end":{"line":170,"column":59}},"73":{"start":{"line":172,"column":2},"end":{"line":172,"column":70}},"74":{"start":{"line":172,"column":27},"end":{"line":172,"column":70}},"75":{"start":{"line":174,"column":2},"end":{"line":174,"column":76}},"76":{"start":{"line":174,"column":31},"end":{"line":174,"column":76}},"77":{"start":{"line":176,"column":2},"end":{"line":176,"column":13}},"78":{"start":{"line":184,"column":30},"end":{"line":188,"column":1}},"79":{"start":{"line":185,"column":19},"end":{"line":185,"column":52}},"80":{"start":{"line":187,"column":2},"end":{"line":187,"column":48}},"81":{"start":{"line":194,"column":23},"end":{"line":206,"column":1}},"82":{"start":{"line":195,"column":2},"end":{"line":205,"column":3}},"83":{"start":{"line":196,"column":23},"end":{"line":196,"column":62}},"84":{"start":{"line":197,"column":4},"end":{"line":197,"column":100}},"85":{"start":{"line":197,"column":20},"end":{"line":197,"column":100}},"86":{"start":{"line":199,"column":29},"end":{"line":199,"column":75}},"87":{"start":{"line":200,"column":4},"end":{"line":200,"column":138}},"88":{"start":{"line":200,"column":23},"end":{"line":200,"column":138}},"89":{"start":{"line":202,"column":4},"end":{"line":202,"column":15}},"90":{"start":{"line":204,"column":4},"end":{"line":204,"column":15}},"91":{"start":{"line":208,"column":0},"end":{"line":213,"column":1}}},"fnMap":{"0":{"name":"(anonymous_0)","decl":{"start":{"line":9,"column":12},"end":{"line":9,"column":13}},"loc":{"start":{"line":9,"column":18},"end":{"line":9,"column":43}},"line":9},"1":{"name":"(anonymous_1)","decl":{"start":{"line":15,"column":28},"end":{"line":15,"column":29}},"loc":{"start":{"line":15,"column":42},"end":{"line":18,"column":1}},"line":15},"2":{"name":"(anonymous_2)","decl":{"start":{"line":25,"column":17},"end":{"line":25,"column":18}},"loc":{"start":{"line":25,"column":35},"end":{"line":28,"column":1}},"line":25},"3":{"name":"(anonymous_3)","decl":{"start":{"line":36,"column":23},"end":{"line":36,"column":24}},"loc":{"start":{"line":36,"column":66},"end":{"line":44,"column":1}},"line":36},"4":{"name":"(anonymous_4)","decl":{"start":{"line":52,"column":26},"end":{"line":52,"column":27}},"loc":{"start":{"line":52,"column":56},"end":{"line":55,"column":1}},"line":52},"5":{"name":"(anonymous_5)","decl":{"start":{"line":63,"column":27},"end":{"line":63,"column":28}},"loc":{"start":{"line":63,"column":62},"end":{"line":66,"column":1}},"line":63},"6":{"name":"(anonymous_6)","decl":{"start":{"line":74,"column":29},"end":{"line":74,"column":30}},"loc":{"start":{"line":74,"column":60},"end":{"line":77,"column":1}},"line":74},"7":{"name":"(anonymous_7)","decl":{"start":{"line":87,"column":29},"end":{"line":87,"column":30}},"loc":{"start":{"line":87,"column":59},"end":{"line":97,"column":1}},"line":87},"8":{"name":"(anonymous_8)","decl":{"start":{"line":88,"column":42},"end":{"line":88,"column":43}},"loc":{"start":{"line":88,"column":51},"end":{"line":88,"column":115}},"line":88},"9":{"name":"(anonymous_9)","decl":{"start":{"line":88,"column":75},"end":{"line":88,"column":76}},"loc":{"start":{"line":88,"column":83},"end":{"line":88,"column":107}},"line":88},"10":{"name":"(anonymous_10)","decl":{"start":{"line":89,"column":46},"end":{"line":89,"column":47}},"loc":{"start":{"line":89,"column":55},"end":{"line":89,"column":115}},"line":89},"11":{"name":"(anonymous_11)","decl":{"start":{"line":89,"column":75},"end":{"line":89,"column":76}},"loc":{"start":{"line":89,"column":83},"end":{"line":89,"column":107}},"line":89},"12":{"name":"(anonymous_12)","decl":{"start":{"line":90,"column":39},"end":{"line":90,"column":40}},"loc":{"start":{"line":90,"column":48},"end":{"line":90,"column":112}},"line":90},"13":{"name":"(anonymous_13)","decl":{"start":{"line":90,"column":72},"end":{"line":90,"column":73}},"loc":{"start":{"line":90,"column":80},"end":{"line":90,"column":104}},"line":90},"14":{"name":"(anonymous_14)","decl":{"start":{"line":104,"column":21},"end":{"line":104,"column":22}},"loc":{"start":{"line":104,"column":64},"end":{"line":124,"column":1}},"line":104},"15":{"name":"(anonymous_15)","decl":{"start":{"line":113,"column":73},"end":{"line":113,"column":74}},"loc":{"start":{"line":113,"column":81},"end":{"line":113,"column":124}},"line":113},"16":{"name":"(anonymous_16)","decl":{"start":{"line":116,"column":42},"end":{"line":116,"column":43}},"loc":{"start":{"line":116,"column":50},"end":{"line":116,"column":102}},"line":116},"17":{"name":"(anonymous_17)","decl":{"start":{"line":118,"column":41},"end":{"line":118,"column":42}},"loc":{"start":{"line":118,"column":50},"end":{"line":118,"column":103}},"line":118},"18":{"name":"(anonymous_18)","decl":{"start":{"line":131,"column":19},"end":{"line":131,"column":20}},"loc":{"start":{"line":131,"column":62},"end":{"line":144,"column":1}},"line":131},"19":{"name":"(anonymous_19)","decl":{"start":{"line":135,"column":53},"end":{"line":135,"column":54}},"loc":{"start":{"line":135,"column":61},"end":{"line":135,"column":96}},"line":135},"20":{"name":"(anonymous_20)","decl":{"start":{"line":136,"column":70},"end":{"line":136,"column":71}},"loc":{"start":{"line":136,"column":78},"end":{"line":136,"column":115}},"line":136},"21":{"name":"(anonymous_21)","decl":{"start":{"line":151,"column":24},"end":{"line":151,"column":25}},"loc":{"start":{"line":151,"column":44},"end":{"line":161,"column":1}},"line":151},"22":{"name":"(anonymous_22)","decl":{"start":{"line":168,"column":15},"end":{"line":168,"column":16}},"loc":{"start":{"line":168,"column":33},"end":{"line":177,"column":1}},"line":168},"23":{"name":"(anonymous_23)","decl":{"start":{"line":184,"column":30},"end":{"line":184,"column":31}},"loc":{"start":{"line":184,"column":50},"end":{"line":188,"column":1}},"line":184},"24":{"name":"(anonymous_24)","decl":{"start":{"line":194,"column":23},"end":{"line":194,"column":24}},"loc":{"start":{"line":194,"column":43},"end":{"line":206,"column":1}},"line":194}},"branchMap":{"0":{"loc":{"start":{"line":17,"column":2},"end":{"line":17,"column":106}},"type":"if","locations":[{"start":{"line":17,"column":2},"end":{"line":17,"column":106}},{"start":{"line":17,"column":2},"end":{"line":17,"column":106}}],"line":17},"1":{"loc":{"start":{"line":43,"column":2},"end":{"line":43,"column":87}},"type":"if","locations":[{"start":{"line":43,"column":2},"end":{"line":43,"column":87}},{"start":{"line":43,"column":2},"end":{"line":43,"column":87}}],"line":43},"2":{"loc":{"start":{"line":75,"column":2},"end":{"line":75,"column":77}},"type":"if","locations":[{"start":{"line":75,"column":2},"end":{"line":75,"column":77}},{"start":{"line":75,"column":2},"end":{"line":75,"column":77}}],"line":75},"3":{"loc":{"start":{"line":154,"column":4},"end":{"line":154,"column":69}},"type":"if","locations":[{"start":{"line":154,"column":4},"end":{"line":154,"column":69}},{"start":{"line":154,"column":4},"end":{"line":154,"column":69}}],"line":154},"4":{"loc":{"start":{"line":158,"column":4},"end":{"line":158,"column":86}},"type":"if","locations":[{"start":{"line":158,"column":4},"end":{"line":158,"column":86}},{"start":{"line":158,"column":4},"end":{"line":158,"column":86}}],"line":158},"5":{"loc":{"start":{"line":172,"column":2},"end":{"line":172,"column":70}},"type":"if","locations":[{"start":{"line":172,"column":2},"end":{"line":172,"column":70}},{"start":{"line":172,"column":2},"end":{"line":172,"column":70}}],"line":172},"6":{"loc":{"start":{"line":172,"column":6},"end":{"line":172,"column":25}},"type":"binary-expr","locations":[{"start":{"line":172,"column":6},"end":{"line":172,"column":10}},{"start":{"line":172,"column":14},"end":{"line":172,"column":25}}],"line":172},"7":{"loc":{"start":{"line":174,"column":2},"end":{"line":174,"column":76}},"type":"if","locations":[{"start":{"line":174,"column":2},"end":{"line":174,"column":76}},{"start":{"line":174,"column":2},"end":{"line":174,"column":76}}],"line":174},"8":{"loc":{"start":{"line":174,"column":6},"end":{"line":174,"column":29}},"type":"binary-expr","locations":[{"start":{"line":174,"column":6},"end":{"line":174,"column":12}},{"start":{"line":174,"column":16},"end":{"line":174,"column":29}}],"line":174},"9":{"loc":{"start":{"line":197,"column":4},"end":{"line":197,"column":100}},"type":"if","locations":[{"start":{"line":197,"column":4},"end":{"line":197,"column":100}},{"start":{"line":197,"column":4},"end":{"line":197,"column":100}}],"line":197},"10":{"loc":{"start":{"line":200,"column":4},"end":{"line":200,"column":138}},"type":"if","locations":[{"start":{"line":200,"column":4},"end":{"line":200,"column":138}},{"start":{"line":200,"column":4},"end":{"line":200,"column":138}}],"line":200}},"s":{"0":1,"1":1,"2":1,"3":1,"4":0,"5":1,"6":0,"7":0,"8":0,"9":1,"10":0,"11":0,"12":1,"13":0,"14":0,"15":0,"16":1,"17":0,"18":0,"19":1,"20":0,"21":0,"22":1,"23":0,"24":0,"25":0,"26":1,"27":0,"28":0,"29":0,"30":0,"31":0,"32":0,"33":0,"34":0,"35":0,"36":0,"37":1,"38":0,"39":0,"40":0,"41":0,"42":0,"43":0,"44":0,"45":0,"46":0,"47":0,"48":0,"49":0,"50":1,"51":0,"52":0,"53":0,"54":0,"55":0,"56":0,"57":0,"58":0,"59":0,"60":0,"61":1,"62":0,"63":0,"64":0,"65":0,"66":0,"67":0,"68":0,"69":0,"70":1,"71":0,"72":0,"73":0,"74":0,"75":0,"76":0,"77":0,"78":1,"79":0,"80":0,"81":1,"82":0,"83":0,"84":0,"85":0,"86":0,"87":0,"88":0,"89":0,"90":0,"91":1},"f":{"0":0,"1":0,"2":0,"3":0,"4":0,"5":0,"6":0,"7":0,"8":0,"9":0,"10":0,"11":0,"12":0,"13":0,"14":0,"15":0,"16":0,"17":0,"18":0,"19":0,"20":0,"21":0,"22":0,"23":0,"24":0},"b":{"0":[0,0],"1":[0,0],"2":[0,0],"3":[0,0],"4":[0,0],"5":[0,0],"6":[0,0],"7":[0,0],"8":[0,0],"9":[0,0],"10":[0,0]},"_coverageSchema":"43e27e138ebf9cfc5966b082cf9a028302ed4184","hash":"7cdd842b1014574fd9990542b1cc3632d90e813e"}
,"/home/elen.salustiano/Documentos/acho-server/src/app/lib/coupon.js": {"path":"/home/elen.salustiano/Documentos/acho-server/src/app/lib/coupon.js","statementMap":{"0":{"start":{"line":1,"column":25},"end":{"line":1,"column":58}},"1":{"start":{"line":8,"column":17},"end":{"line":8,"column":60}},"2":{"start":{"line":8,"column":27},"end":{"line":8,"column":60}},"3":{"start":{"line":16,"column":12},"end":{"line":23,"column":1}},"4":{"start":{"line":17,"column":17},"end":{"line":17,"column":19}},"5":{"start":{"line":19,"column":2},"end":{"line":19,"column":42}},"6":{"start":{"line":19,"column":16},"end":{"line":19,"column":42}},"7":{"start":{"line":20,"column":2},"end":{"line":20,"column":30}},"8":{"start":{"line":20,"column":12},"end":{"line":20,"column":30}},"9":{"start":{"line":22,"column":2},"end":{"line":22,"column":38}},"10":{"start":{"line":25,"column":0},"end":{"line":28,"column":1}}},"fnMap":{"0":{"name":"(anonymous_0)","decl":{"start":{"line":8,"column":17},"end":{"line":8,"column":18}},"loc":{"start":{"line":8,"column":27},"end":{"line":8,"column":60}},"line":8},"1":{"name":"(anonymous_1)","decl":{"start":{"line":16,"column":12},"end":{"line":16,"column":13}},"loc":{"start":{"line":16,"column":36},"end":{"line":23,"column":1}},"line":16}},"branchMap":{"0":{"loc":{"start":{"line":19,"column":2},"end":{"line":19,"column":42}},"type":"if","locations":[{"start":{"line":19,"column":2},"end":{"line":19,"column":42}},{"start":{"line":19,"column":2},"end":{"line":19,"column":42}}],"line":19},"1":{"loc":{"start":{"line":20,"column":2},"end":{"line":20,"column":30}},"type":"if","locations":[{"start":{"line":20,"column":2},"end":{"line":20,"column":30}},{"start":{"line":20,"column":2},"end":{"line":20,"column":30}}],"line":20}},"s":{"0":1,"1":1,"2":0,"3":1,"4":0,"5":0,"6":0,"7":0,"8":0,"9":0,"10":1},"f":{"0":0,"1":0},"b":{"0":[0,0],"1":[0,0]},"_coverageSchema":"43e27e138ebf9cfc5966b082cf9a028302ed4184","hash":"f168b00e04c513b9617eabae5a7df21f2fb9ed32"}
,"/home/elen.salustiano/Documentos/acho-server/src/app/lib/email.js": {"path":"/home/elen.salustiano/Documentos/acho-server/src/app/lib/email.js","statementMap":{"0":{"start":{"line":1,"column":11},"end":{"line":1,"column":24}},"1":{"start":{"line":2,"column":19},"end":{"line":2,"column":40}},"2":{"start":{"line":4,"column":26},"end":{"line":4,"column":61}},"3":{"start":{"line":5,"column":25},"end":{"line":5,"column":58}},"4":{"start":{"line":6,"column":16},"end":{"line":6,"column":52}},"5":{"start":{"line":8,"column":20},"end":{"line":25,"column":1}},"6":{"start":{"line":35,"column":18},"end":{"line":50,"column":1}},"7":{"start":{"line":36,"column":28},"end":{"line":36,"column":52}},"8":{"start":{"line":38,"column":2},"end":{"line":49,"column":4}},"9":{"start":{"line":39,"column":17},"end":{"line":39,"column":41}},"10":{"start":{"line":41,"column":22},"end":{"line":46,"column":5}},"11":{"start":{"line":48,"column":4},"end":{"line":48,"column":38}},"12":{"start":{"line":52,"column":0},"end":{"line":54,"column":1}}},"fnMap":{"0":{"name":"(anonymous_0)","decl":{"start":{"line":35,"column":18},"end":{"line":35,"column":19}},"loc":{"start":{"line":35,"column":41},"end":{"line":50,"column":1}},"line":35},"1":{"name":"(anonymous_1)","decl":{"start":{"line":38,"column":28},"end":{"line":38,"column":29}},"loc":{"start":{"line":38,"column":46},"end":{"line":49,"column":3}},"line":38}},"branchMap":{},"s":{"0":1,"1":1,"2":1,"3":1,"4":1,"5":1,"6":1,"7":0,"8":0,"9":0,"10":0,"11":0,"12":1},"f":{"0":0,"1":0},"b":{},"_coverageSchema":"43e27e138ebf9cfc5966b082cf9a028302ed4184","hash":"a37bb8f1ba44795fc5f5b89535f743efa52a7e3c"}
,"/home/elen.salustiano/Documentos/acho-server/src/app/lib/error-wrap.js": {"path":"/home/elen.salustiano/Documentos/acho-server/src/app/lib/error-wrap.js","statementMap":{"0":{"start":{"line":6,"column":24},"end":{"line":10,"column":2}},"1":{"start":{"line":6,"column":36},"end":{"line":10,"column":1}},"2":{"start":{"line":17,"column":20},"end":{"line":21,"column":2}},"3":{"start":{"line":17,"column":32},"end":{"line":21,"column":1}},"4":{"start":{"line":28,"column":26},"end":{"line":32,"column":2}},"5":{"start":{"line":28,"column":38},"end":{"line":32,"column":1}},"6":{"start":{"line":38,"column":23},"end":{"line":42,"column":2}},"7":{"start":{"line":38,"column":30},"end":{"line":42,"column":1}},"8":{"start":{"line":44,"column":0},"end":{"line":49,"column":1}}},"fnMap":{"0":{"name":"(anonymous_0)","decl":{"start":{"line":6,"column":24},"end":{"line":6,"column":25}},"loc":{"start":{"line":6,"column":36},"end":{"line":10,"column":1}},"line":6},"1":{"name":"(anonymous_1)","decl":{"start":{"line":17,"column":20},"end":{"line":17,"column":21}},"loc":{"start":{"line":17,"column":32},"end":{"line":21,"column":1}},"line":17},"2":{"name":"(anonymous_2)","decl":{"start":{"line":28,"column":26},"end":{"line":28,"column":27}},"loc":{"start":{"line":28,"column":38},"end":{"line":32,"column":1}},"line":28},"3":{"name":"(anonymous_3)","decl":{"start":{"line":38,"column":23},"end":{"line":38,"column":24}},"loc":{"start":{"line":38,"column":30},"end":{"line":42,"column":1}},"line":38}},"branchMap":{},"s":{"0":1,"1":1,"2":1,"3":6,"4":1,"5":1,"6":1,"7":1,"8":1},"f":{"0":1,"1":6,"2":1,"3":1},"b":{},"_coverageSchema":"43e27e138ebf9cfc5966b082cf9a028302ed4184","hash":"3b88b8a939d849a8697e30e2a48ba4771843d05b"}
,"/home/elen.salustiano/Documentos/acho-server/src/app/lib/notification.js": {"path":"/home/elen.salustiano/Documentos/acho-server/src/app/lib/notification.js","statementMap":{"0":{"start":{"line":1,"column":31},"end":{"line":1,"column":70}},"1":{"start":{"line":2,"column":17},"end":{"line":2,"column":40}},"2":{"start":{"line":3,"column":25},"end":{"line":3,"column":58}},"3":{"start":{"line":4,"column":28},"end":{"line":4,"column":51}},"4":{"start":{"line":11,"column":17},"end":{"line":11,"column":78}},"5":{"start":{"line":11,"column":33},"end":{"line":11,"column":78}},"6":{"start":{"line":17,"column":27},"end":{"line":38,"column":1}},"7":{"start":{"line":18,"column":15},"end":{"line":21,"column":8}},"8":{"start":{"line":19,"column":4},"end":{"line":19,"column":39}},"9":{"start":{"line":19,"column":15},"end":{"line":19,"column":39}},"10":{"start":{"line":20,"column":4},"end":{"line":20,"column":14}},"11":{"start":{"line":23,"column":25},"end":{"line":23,"column":87}},"12":{"start":{"line":25,"column":2},"end":{"line":37,"column":3}},"13":{"start":{"line":26,"column":4},"end":{"line":26,"column":54}},"14":{"start":{"line":28,"column":22},"end":{"line":34,"column":5}},"15":{"start":{"line":36,"column":4},"end":{"line":36,"column":60}},"16":{"start":{"line":46,"column":23},"end":{"line":46,"column":92}},"17":{"start":{"line":46,"column":41},"end":{"line":46,"column":92}},"18":{"start":{"line":52,"column":12},"end":{"line":52,"column":55}},"19":{"start":{"line":52,"column":21},"end":{"line":52,"column":55}},"20":{"start":{"line":59,"column":27},"end":{"line":69,"column":1}},"21":{"start":{"line":60,"column":2},"end":{"line":68,"column":3}},"22":{"start":{"line":61,"column":29},"end":{"line":61,"column":83}},"23":{"start":{"line":62,"column":4},"end":{"line":62,"column":87}},"24":{"start":{"line":62,"column":23},"end":{"line":62,"column":87}},"25":{"start":{"line":64,"column":4},"end":{"line":64,"column":15}},"26":{"start":{"line":66,"column":4},"end":{"line":66,"column":73}},"27":{"start":{"line":66,"column":36},"end":{"line":66,"column":73}},"28":{"start":{"line":67,"column":4},"end":{"line":67,"column":15}},"29":{"start":{"line":71,"column":0},"end":{"line":76,"column":1}}},"fnMap":{"0":{"name":"(anonymous_0)","decl":{"start":{"line":11,"column":17},"end":{"line":11,"column":18}},"loc":{"start":{"line":11,"column":33},"end":{"line":11,"column":78}},"line":11},"1":{"name":"(anonymous_1)","decl":{"start":{"line":17,"column":27},"end":{"line":17,"column":28}},"loc":{"start":{"line":17,"column":43},"end":{"line":38,"column":1}},"line":17},"2":{"name":"(anonymous_2)","decl":{"start":{"line":18,"column":36},"end":{"line":18,"column":37}},"loc":{"start":{"line":18,"column":56},"end":{"line":21,"column":3}},"line":18},"3":{"name":"(anonymous_3)","decl":{"start":{"line":46,"column":23},"end":{"line":46,"column":24}},"loc":{"start":{"line":46,"column":41},"end":{"line":46,"column":92}},"line":46},"4":{"name":"(anonymous_4)","decl":{"start":{"line":52,"column":12},"end":{"line":52,"column":13}},"loc":{"start":{"line":52,"column":21},"end":{"line":52,"column":55}},"line":52},"5":{"name":"(anonymous_5)","decl":{"start":{"line":59,"column":27},"end":{"line":59,"column":28}},"loc":{"start":{"line":59,"column":51},"end":{"line":69,"column":1}},"line":59}},"branchMap":{"0":{"loc":{"start":{"line":19,"column":4},"end":{"line":19,"column":39}},"type":"if","locations":[{"start":{"line":19,"column":4},"end":{"line":19,"column":39}},{"start":{"line":19,"column":4},"end":{"line":19,"column":39}}],"line":19},"1":{"loc":{"start":{"line":25,"column":2},"end":{"line":37,"column":3}},"type":"if","locations":[{"start":{"line":25,"column":2},"end":{"line":37,"column":3}},{"start":{"line":25,"column":2},"end":{"line":37,"column":3}}],"line":25},"2":{"loc":{"start":{"line":62,"column":4},"end":{"line":62,"column":87}},"type":"if","locations":[{"start":{"line":62,"column":4},"end":{"line":62,"column":87}},{"start":{"line":62,"column":4},"end":{"line":62,"column":87}}],"line":62},"3":{"loc":{"start":{"line":66,"column":4},"end":{"line":66,"column":73}},"type":"if","locations":[{"start":{"line":66,"column":4},"end":{"line":66,"column":73}},{"start":{"line":66,"column":4},"end":{"line":66,"column":73}}],"line":66}},"s":{"0":1,"1":1,"2":1,"3":1,"4":1,"5":0,"6":1,"7":0,"8":0,"9":0,"10":0,"11":0,"12":0,"13":0,"14":0,"15":0,"16":1,"17":0,"18":1,"19":0,"20":1,"21":0,"22":0,"23":0,"24":0,"25":0,"26":0,"27":0,"28":0,"29":1},"f":{"0":0,"1":0,"2":0,"3":0,"4":0,"5":0},"b":{"0":[0,0],"1":[0,0],"2":[0,0],"3":[0,0]},"_coverageSchema":"43e27e138ebf9cfc5966b082cf9a028302ed4184","hash":"bcfbbb63035612ad6be6e8502c4505b982c3fbe8"}
,"/home/elen.salustiano/Documentos/acho-server/src/app/lib/object.js": {"path":"/home/elen.salustiano/Documentos/acho-server/src/app/lib/object.js","statementMap":{"0":{"start":{"line":1,"column":25},"end":{"line":1,"column":58}},"1":{"start":{"line":2,"column":28},"end":{"line":2,"column":51}},"2":{"start":{"line":3,"column":25},"end":{"line":3,"column":53}},"3":{"start":{"line":4,"column":17},"end":{"line":4,"column":40}},"4":{"start":{"line":5,"column":25},"end":{"line":5,"column":58}},"5":{"start":{"line":12,"column":17},"end":{"line":12,"column":60}},"6":{"start":{"line":12,"column":27},"end":{"line":12,"column":60}},"7":{"start":{"line":19,"column":15},"end":{"line":32,"column":1}},"8":{"start":{"line":20,"column":21},"end":{"line":20,"column":27}},"9":{"start":{"line":22,"column":2},"end":{"line":29,"column":3}},"10":{"start":{"line":23,"column":17},"end":{"line":26,"column":10}},"11":{"start":{"line":24,"column":6},"end":{"line":24,"column":41}},"12":{"start":{"line":24,"column":17},"end":{"line":24,"column":41}},"13":{"start":{"line":25,"column":6},"end":{"line":25,"column":16}},"14":{"start":{"line":28,"column":4},"end":{"line":28,"column":53}},"15":{"start":{"line":31,"column":2},"end":{"line":31,"column":38}},"16":{"start":{"line":39,"column":21},"end":{"line":49,"column":1}},"17":{"start":{"line":40,"column":15},"end":{"line":40,"column":30}},"18":{"start":{"line":41,"column":15},"end":{"line":41,"column":17}},"19":{"start":{"line":43,"column":2},"end":{"line":46,"column":3}},"20":{"start":{"line":44,"column":21},"end":{"line":44,"column":60}},"21":{"start":{"line":45,"column":4},"end":{"line":45,"column":29}},"22":{"start":{"line":48,"column":2},"end":{"line":48,"column":22}},"23":{"start":{"line":57,"column":31},"end":{"line":66,"column":1}},"24":{"start":{"line":58,"column":21},"end":{"line":58,"column":35}},"25":{"start":{"line":59,"column":18},"end":{"line":59,"column":28}},"26":{"start":{"line":61,"column":2},"end":{"line":61,"column":49}},"27":{"start":{"line":62,"column":2},"end":{"line":62,"column":33}},"28":{"start":{"line":63,"column":2},"end":{"line":63,"column":30}},"29":{"start":{"line":65,"column":2},"end":{"line":65,"column":29}},"30":{"start":{"line":73,"column":33},"end":{"line":91,"column":1}},"31":{"start":{"line":74,"column":17},"end":{"line":74,"column":58}},"32":{"start":{"line":76,"column":2},"end":{"line":78,"column":3}},"33":{"start":{"line":77,"column":4},"end":{"line":77,"column":77}},"34":{"start":{"line":80,"column":2},"end":{"line":82,"column":3}},"35":{"start":{"line":81,"column":4},"end":{"line":81,"column":67}},"36":{"start":{"line":84,"column":2},"end":{"line":86,"column":3}},"37":{"start":{"line":85,"column":4},"end":{"line":85,"column":82}},"38":{"start":{"line":88,"column":2},"end":{"line":90,"column":3}},"39":{"start":{"line":89,"column":4},"end":{"line":89,"column":108}},"40":{"start":{"line":99,"column":16},"end":{"line":119,"column":1}},"41":{"start":{"line":100,"column":2},"end":{"line":118,"column":3}},"42":{"start":{"line":101,"column":4},"end":{"line":101,"column":52}},"43":{"start":{"line":103,"column":27},"end":{"line":103,"column":49}},"44":{"start":{"line":104,"column":17},"end":{"line":108,"column":5}},"45":{"start":{"line":110,"column":26},"end":{"line":110,"column":80}},"46":{"start":{"line":112,"column":4},"end":{"line":112,"column":106}},"47":{"start":{"line":112,"column":20},"end":{"line":112,"column":106}},"48":{"start":{"line":114,"column":4},"end":{"line":114,"column":25}},"49":{"start":{"line":116,"column":4},"end":{"line":116,"column":83}},"50":{"start":{"line":116,"column":36},"end":{"line":116,"column":83}},"51":{"start":{"line":117,"column":4},"end":{"line":117,"column":15}},"52":{"start":{"line":127,"column":16},"end":{"line":143,"column":1}},"53":{"start":{"line":128,"column":17},"end":{"line":131,"column":3}},"54":{"start":{"line":133,"column":19},"end":{"line":133,"column":45}},"55":{"start":{"line":134,"column":2},"end":{"line":134,"column":61}},"56":{"start":{"line":134,"column":15},"end":{"line":134,"column":61}},"57":{"start":{"line":136,"column":24},"end":{"line":136,"column":66}},"58":{"start":{"line":138,"column":2},"end":{"line":140,"column":3}},"59":{"start":{"line":139,"column":4},"end":{"line":139,"column":105}},"60":{"start":{"line":142,"column":2},"end":{"line":142,"column":13}},"61":{"start":{"line":151,"column":15},"end":{"line":160,"column":1}},"62":{"start":{"line":152,"column":2},"end":{"line":159,"column":3}},"63":{"start":{"line":153,"column":19},"end":{"line":153,"column":71}},"64":{"start":{"line":154,"column":4},"end":{"line":154,"column":74}},"65":{"start":{"line":154,"column":17},"end":{"line":154,"column":74}},"66":{"start":{"line":155,"column":4},"end":{"line":155,"column":17}},"67":{"start":{"line":157,"column":4},"end":{"line":157,"column":83}},"68":{"start":{"line":157,"column":36},"end":{"line":157,"column":83}},"69":{"start":{"line":158,"column":4},"end":{"line":158,"column":15}},"70":{"start":{"line":168,"column":21},"end":{"line":168,"column":93}},"71":{"start":{"line":168,"column":47},"end":{"line":168,"column":93}},"72":{"start":{"line":177,"column":18},"end":{"line":186,"column":1}},"73":{"start":{"line":178,"column":31},"end":{"line":178,"column":35}},"74":{"start":{"line":179,"column":37},"end":{"line":179,"column":48}},"75":{"start":{"line":180,"column":17},"end":{"line":180,"column":34}},"76":{"start":{"line":182,"column":2},"end":{"line":182,"column":60}},"77":{"start":{"line":182,"column":22},"end":{"line":182,"column":60}},"78":{"start":{"line":183,"column":2},"end":{"line":183,"column":36}},"79":{"start":{"line":183,"column":14},"end":{"line":183,"column":36}},"80":{"start":{"line":185,"column":2},"end":{"line":185,"column":47}},"81":{"start":{"line":195,"column":30},"end":{"line":200,"column":1}},"82":{"start":{"line":196,"column":17},"end":{"line":196,"column":73}},"83":{"start":{"line":197,"column":2},"end":{"line":197,"column":36}},"84":{"start":{"line":197,"column":14},"end":{"line":197,"column":36}},"85":{"start":{"line":199,"column":2},"end":{"line":199,"column":90}},"86":{"start":{"line":208,"column":27},"end":{"line":239,"column":1}},"87":{"start":{"line":209,"column":27},"end":{"line":213,"column":3}},"88":{"start":{"line":214,"column":17},"end":{"line":215,"column":65}},"89":{"start":{"line":217,"column":2},"end":{"line":219,"column":3}},"90":{"start":{"line":218,"column":4},"end":{"line":218,"column":110}},"91":{"start":{"line":221,"column":28},"end":{"line":221,"column":54}},"92":{"start":{"line":222,"column":2},"end":{"line":236,"column":3}},"93":{"start":{"line":223,"column":30},"end":{"line":223,"column":95}},"94":{"start":{"line":224,"column":4},"end":{"line":224,"column":67}},"95":{"start":{"line":226,"column":22},"end":{"line":233,"column":5}},"96":{"start":{"line":235,"column":4},"end":{"line":235,"column":72}},"97":{"start":{"line":238,"column":2},"end":{"line":238,"column":13}},"98":{"start":{"line":247,"column":21},"end":{"line":257,"column":1}},"99":{"start":{"line":248,"column":2},"end":{"line":256,"column":3}},"100":{"start":{"line":249,"column":29},"end":{"line":249,"column":86}},"101":{"start":{"line":250,"column":4},"end":{"line":250,"column":132}},"102":{"start":{"line":250,"column":23},"end":{"line":250,"column":132}},"103":{"start":{"line":252,"column":4},"end":{"line":252,"column":15}},"104":{"start":{"line":254,"column":4},"end":{"line":254,"column":83}},"105":{"start":{"line":254,"column":36},"end":{"line":254,"column":83}},"106":{"start":{"line":255,"column":4},"end":{"line":255,"column":15}},"107":{"start":{"line":266,"column":25},"end":{"line":276,"column":1}},"108":{"start":{"line":267,"column":2},"end":{"line":275,"column":3}},"109":{"start":{"line":268,"column":26},"end":{"line":268,"column":82}},"110":{"start":{"line":269,"column":4},"end":{"line":269,"column":97}},"111":{"start":{"line":269,"column":20},"end":{"line":269,"column":97}},"112":{"start":{"line":271,"column":4},"end":{"line":271,"column":15}},"113":{"start":{"line":273,"column":4},"end":{"line":273,"column":83}},"114":{"start":{"line":273,"column":36},"end":{"line":273,"column":83}},"115":{"start":{"line":274,"column":4},"end":{"line":274,"column":15}},"116":{"start":{"line":284,"column":25},"end":{"line":294,"column":1}},"117":{"start":{"line":285,"column":2},"end":{"line":293,"column":3}},"118":{"start":{"line":286,"column":26},"end":{"line":286,"column":88}},"119":{"start":{"line":287,"column":4},"end":{"line":287,"column":83}},"120":{"start":{"line":287,"column":20},"end":{"line":287,"column":83}},"121":{"start":{"line":289,"column":4},"end":{"line":289,"column":15}},"122":{"start":{"line":291,"column":4},"end":{"line":291,"column":73}},"123":{"start":{"line":291,"column":36},"end":{"line":291,"column":73}},"124":{"start":{"line":292,"column":4},"end":{"line":292,"column":15}},"125":{"start":{"line":296,"column":0},"end":{"line":308,"column":1}}},"fnMap":{"0":{"name":"(anonymous_0)","decl":{"start":{"line":12,"column":17},"end":{"line":12,"column":18}},"loc":{"start":{"line":12,"column":27},"end":{"line":12,"column":60}},"line":12},"1":{"name":"(anonymous_1)","decl":{"start":{"line":19,"column":15},"end":{"line":19,"column":16}},"loc":{"start":{"line":19,"column":31},"end":{"line":32,"column":1}},"line":19},"2":{"name":"(anonymous_2)","decl":{"start":{"line":23,"column":31},"end":{"line":23,"column":32}},"loc":{"start":{"line":23,"column":51},"end":{"line":26,"column":5}},"line":23},"3":{"name":"(anonymous_3)","decl":{"start":{"line":39,"column":21},"end":{"line":39,"column":22}},"loc":{"start":{"line":39,"column":30},"end":{"line":49,"column":1}},"line":39},"4":{"name":"(anonymous_4)","decl":{"start":{"line":57,"column":31},"end":{"line":57,"column":32}},"loc":{"start":{"line":57,"column":47},"end":{"line":66,"column":1}},"line":57},"5":{"name":"(anonymous_5)","decl":{"start":{"line":73,"column":33},"end":{"line":73,"column":34}},"loc":{"start":{"line":73,"column":61},"end":{"line":91,"column":1}},"line":73},"6":{"name":"(anonymous_6)","decl":{"start":{"line":99,"column":16},"end":{"line":99,"column":17}},"loc":{"start":{"line":99,"column":44},"end":{"line":119,"column":1}},"line":99},"7":{"name":"(anonymous_7)","decl":{"start":{"line":127,"column":16},"end":{"line":127,"column":17}},"loc":{"start":{"line":127,"column":57},"end":{"line":143,"column":1}},"line":127},"8":{"name":"(anonymous_8)","decl":{"start":{"line":151,"column":15},"end":{"line":151,"column":16}},"loc":{"start":{"line":151,"column":48},"end":{"line":160,"column":1}},"line":151},"9":{"name":"(anonymous_9)","decl":{"start":{"line":168,"column":21},"end":{"line":168,"column":22}},"loc":{"start":{"line":168,"column":47},"end":{"line":168,"column":93}},"line":168},"10":{"name":"(anonymous_10)","decl":{"start":{"line":177,"column":18},"end":{"line":177,"column":19}},"loc":{"start":{"line":177,"column":41},"end":{"line":186,"column":1}},"line":177},"11":{"name":"(anonymous_11)","decl":{"start":{"line":195,"column":30},"end":{"line":195,"column":31}},"loc":{"start":{"line":195,"column":55},"end":{"line":200,"column":1}},"line":195},"12":{"name":"(anonymous_12)","decl":{"start":{"line":208,"column":27},"end":{"line":208,"column":28}},"loc":{"start":{"line":208,"column":61},"end":{"line":239,"column":1}},"line":208},"13":{"name":"(anonymous_13)","decl":{"start":{"line":247,"column":21},"end":{"line":247,"column":22}},"loc":{"start":{"line":247,"column":56},"end":{"line":257,"column":1}},"line":247},"14":{"name":"(anonymous_14)","decl":{"start":{"line":266,"column":25},"end":{"line":266,"column":26}},"loc":{"start":{"line":266,"column":55},"end":{"line":276,"column":1}},"line":266},"15":{"name":"(anonymous_15)","decl":{"start":{"line":284,"column":25},"end":{"line":284,"column":26}},"loc":{"start":{"line":284,"column":58},"end":{"line":294,"column":1}},"line":284}},"branchMap":{"0":{"loc":{"start":{"line":22,"column":2},"end":{"line":29,"column":3}},"type":"if","locations":[{"start":{"line":22,"column":2},"end":{"line":29,"column":3}},{"start":{"line":22,"column":2},"end":{"line":29,"column":3}}],"line":22},"1":{"loc":{"start":{"line":24,"column":6},"end":{"line":24,"column":41}},"type":"if","locations":[{"start":{"line":24,"column":6},"end":{"line":24,"column":41}},{"start":{"line":24,"column":6},"end":{"line":24,"column":41}}],"line":24},"2":{"loc":{"start":{"line":76,"column":2},"end":{"line":78,"column":3}},"type":"if","locations":[{"start":{"line":76,"column":2},"end":{"line":78,"column":3}},{"start":{"line":76,"column":2},"end":{"line":78,"column":3}}],"line":76},"3":{"loc":{"start":{"line":80,"column":2},"end":{"line":82,"column":3}},"type":"if","locations":[{"start":{"line":80,"column":2},"end":{"line":82,"column":3}},{"start":{"line":80,"column":2},"end":{"line":82,"column":3}}],"line":80},"4":{"loc":{"start":{"line":80,"column":6},"end":{"line":80,"column":75}},"type":"binary-expr","locations":[{"start":{"line":80,"column":6},"end":{"line":80,"column":22}},{"start":{"line":80,"column":26},"end":{"line":80,"column":75}}],"line":80},"5":{"loc":{"start":{"line":84,"column":2},"end":{"line":86,"column":3}},"type":"if","locations":[{"start":{"line":84,"column":2},"end":{"line":86,"column":3}},{"start":{"line":84,"column":2},"end":{"line":86,"column":3}}],"line":84},"6":{"loc":{"start":{"line":88,"column":2},"end":{"line":90,"column":3}},"type":"if","locations":[{"start":{"line":88,"column":2},"end":{"line":90,"column":3}},{"start":{"line":88,"column":2},"end":{"line":90,"column":3}}],"line":88},"7":{"loc":{"start":{"line":88,"column":6},"end":{"line":88,"column":74}},"type":"binary-expr","locations":[{"start":{"line":88,"column":6},"end":{"line":88,"column":24}},{"start":{"line":88,"column":28},"end":{"line":88,"column":74}}],"line":88},"8":{"loc":{"start":{"line":112,"column":4},"end":{"line":112,"column":106}},"type":"if","locations":[{"start":{"line":112,"column":4},"end":{"line":112,"column":106}},{"start":{"line":112,"column":4},"end":{"line":112,"column":106}}],"line":112},"9":{"loc":{"start":{"line":116,"column":4},"end":{"line":116,"column":83}},"type":"if","locations":[{"start":{"line":116,"column":4},"end":{"line":116,"column":83}},{"start":{"line":116,"column":4},"end":{"line":116,"column":83}}],"line":116},"10":{"loc":{"start":{"line":134,"column":2},"end":{"line":134,"column":61}},"type":"if","locations":[{"start":{"line":134,"column":2},"end":{"line":134,"column":61}},{"start":{"line":134,"column":2},"end":{"line":134,"column":61}}],"line":134},"11":{"loc":{"start":{"line":138,"column":2},"end":{"line":140,"column":3}},"type":"if","locations":[{"start":{"line":138,"column":2},"end":{"line":140,"column":3}},{"start":{"line":138,"column":2},"end":{"line":140,"column":3}}],"line":138},"12":{"loc":{"start":{"line":154,"column":4},"end":{"line":154,"column":74}},"type":"if","locations":[{"start":{"line":154,"column":4},"end":{"line":154,"column":74}},{"start":{"line":154,"column":4},"end":{"line":154,"column":74}}],"line":154},"13":{"loc":{"start":{"line":157,"column":4},"end":{"line":157,"column":83}},"type":"if","locations":[{"start":{"line":157,"column":4},"end":{"line":157,"column":83}},{"start":{"line":157,"column":4},"end":{"line":157,"column":83}}],"line":157},"14":{"loc":{"start":{"line":168,"column":30},"end":{"line":168,"column":42}},"type":"default-arg","locations":[{"start":{"line":168,"column":40},"end":{"line":168,"column":42}}],"line":168},"15":{"loc":{"start":{"line":182,"column":2},"end":{"line":182,"column":60}},"type":"if","locations":[{"start":{"line":182,"column":2},"end":{"line":182,"column":60}},{"start":{"line":182,"column":2},"end":{"line":182,"column":60}}],"line":182},"16":{"loc":{"start":{"line":183,"column":2},"end":{"line":183,"column":36}},"type":"if","locations":[{"start":{"line":183,"column":2},"end":{"line":183,"column":36}},{"start":{"line":183,"column":2},"end":{"line":183,"column":36}}],"line":183},"17":{"loc":{"start":{"line":197,"column":2},"end":{"line":197,"column":36}},"type":"if","locations":[{"start":{"line":197,"column":2},"end":{"line":197,"column":36}},{"start":{"line":197,"column":2},"end":{"line":197,"column":36}}],"line":197},"18":{"loc":{"start":{"line":217,"column":2},"end":{"line":219,"column":3}},"type":"if","locations":[{"start":{"line":217,"column":2},"end":{"line":219,"column":3}},{"start":{"line":217,"column":2},"end":{"line":219,"column":3}}],"line":217},"19":{"loc":{"start":{"line":222,"column":2},"end":{"line":236,"column":3}},"type":"if","locations":[{"start":{"line":222,"column":2},"end":{"line":236,"column":3}},{"start":{"line":222,"column":2},"end":{"line":236,"column":3}}],"line":222},"20":{"loc":{"start":{"line":250,"column":4},"end":{"line":250,"column":132}},"type":"if","locations":[{"start":{"line":250,"column":4},"end":{"line":250,"column":132}},{"start":{"line":250,"column":4},"end":{"line":250,"column":132}}],"line":250},"21":{"loc":{"start":{"line":254,"column":4},"end":{"line":254,"column":83}},"type":"if","locations":[{"start":{"line":254,"column":4},"end":{"line":254,"column":83}},{"start":{"line":254,"column":4},"end":{"line":254,"column":83}}],"line":254},"22":{"loc":{"start":{"line":269,"column":4},"end":{"line":269,"column":97}},"type":"if","locations":[{"start":{"line":269,"column":4},"end":{"line":269,"column":97}},{"start":{"line":269,"column":4},"end":{"line":269,"column":97}}],"line":269},"23":{"loc":{"start":{"line":273,"column":4},"end":{"line":273,"column":83}},"type":"if","locations":[{"start":{"line":273,"column":4},"end":{"line":273,"column":83}},{"start":{"line":273,"column":4},"end":{"line":273,"column":83}}],"line":273},"24":{"loc":{"start":{"line":287,"column":4},"end":{"line":287,"column":83}},"type":"if","locations":[{"start":{"line":287,"column":4},"end":{"line":287,"column":83}},{"start":{"line":287,"column":4},"end":{"line":287,"column":83}}],"line":287},"25":{"loc":{"start":{"line":291,"column":4},"end":{"line":291,"column":73}},"type":"if","locations":[{"start":{"line":291,"column":4},"end":{"line":291,"column":73}},{"start":{"line":291,"column":4},"end":{"line":291,"column":73}}],"line":291}},"s":{"0":1,"1":1,"2":1,"3":1,"4":1,"5":1,"6":0,"7":1,"8":0,"9":0,"10":0,"11":0,"12":0,"13":0,"14":0,"15":0,"16":1,"17":0,"18":0,"19":0,"20":0,"21":0,"22":0,"23":1,"24":0,"25":0,"26":0,"27":0,"28":0,"29":0,"30":1,"31":0,"32":0,"33":0,"34":0,"35":0,"36":0,"37":0,"38":0,"39":0,"40":1,"41":0,"42":0,"43":0,"44":0,"45":0,"46":0,"47":0,"48":0,"49":0,"50":0,"51":0,"52":1,"53":0,"54":0,"55":0,"56":0,"57":0,"58":0,"59":0,"60":0,"61":1,"62":0,"63":0,"64":0,"65":0,"66":0,"67":0,"68":0,"69":0,"70":1,"71":0,"72":1,"73":0,"74":0,"75":0,"76":0,"77":0,"78":0,"79":0,"80":0,"81":1,"82":0,"83":0,"84":0,"85":0,"86":1,"87":0,"88":0,"89":0,"90":0,"91":0,"92":0,"93":0,"94":0,"95":0,"96":0,"97":0,"98":1,"99":0,"100":0,"101":0,"102":0,"103":0,"104":0,"105":0,"106":0,"107":1,"108":0,"109":0,"110":0,"111":0,"112":0,"113":0,"114":0,"115":0,"116":1,"117":0,"118":0,"119":0,"120":0,"121":0,"122":0,"123":0,"124":0,"125":1},"f":{"0":0,"1":0,"2":0,"3":0,"4":0,"5":0,"6":0,"7":0,"8":0,"9":0,"10":0,"11":0,"12":0,"13":0,"14":0,"15":0},"b":{"0":[0,0],"1":[0,0],"2":[0,0],"3":[0,0],"4":[0,0],"5":[0,0],"6":[0,0],"7":[0,0],"8":[0,0],"9":[0,0],"10":[0,0],"11":[0,0],"12":[0,0],"13":[0,0],"14":[0],"15":[0,0],"16":[0,0],"17":[0,0],"18":[0,0],"19":[0,0],"20":[0,0],"21":[0,0],"22":[0,0],"23":[0,0],"24":[0,0],"25":[0,0]},"_coverageSchema":"43e27e138ebf9cfc5966b082cf9a028302ed4184","hash":"512a71ff08b05f73652180ed2ff698183e696074"}
,"/home/elen.salustiano/Documentos/acho-server/src/app/lib/user.js": {"path":"/home/elen.salustiano/Documentos/acho-server/src/app/lib/user.js","statementMap":{"0":{"start":{"line":1,"column":15},"end":{"line":1,"column":32}},"1":{"start":{"line":3,"column":24},"end":{"line":3,"column":55}},"2":{"start":{"line":4,"column":28},"end":{"line":4,"column":64}},"3":{"start":{"line":5,"column":30},"end":{"line":5,"column":68}},"4":{"start":{"line":6,"column":47},"end":{"line":6,"column":70}},"5":{"start":{"line":13,"column":21},"end":{"line":13,"column":51}},"6":{"start":{"line":13,"column":30},"end":{"line":13,"column":51}},"7":{"start":{"line":21,"column":20},"end":{"line":21,"column":70}},"8":{"start":{"line":21,"column":43},"end":{"line":21,"column":70}},"9":{"start":{"line":28,"column":17},"end":{"line":49,"column":1}},"10":{"start":{"line":29,"column":2},"end":{"line":48,"column":3}},"11":{"start":{"line":30,"column":4},"end":{"line":30,"column":53}},"12":{"start":{"line":33,"column":4},"end":{"line":39,"column":5}},"13":{"start":{"line":35,"column":8},"end":{"line":35,"column":57}},"14":{"start":{"line":36,"column":8},"end":{"line":36,"column":13}},"15":{"start":{"line":38,"column":8},"end":{"line":38,"column":55}},"16":{"start":{"line":41,"column":4},"end":{"line":41,"column":100}},"17":{"start":{"line":41,"column":15},"end":{"line":41,"column":100}},"18":{"start":{"line":42,"column":4},"end":{"line":42,"column":29}},"19":{"start":{"line":44,"column":4},"end":{"line":44,"column":15}},"20":{"start":{"line":46,"column":4},"end":{"line":46,"column":122}},"21":{"start":{"line":46,"column":37},"end":{"line":46,"column":122}},"22":{"start":{"line":47,"column":4},"end":{"line":47,"column":15}},"23":{"start":{"line":56,"column":15},"end":{"line":73,"column":1}},"24":{"start":{"line":57,"column":33},"end":{"line":57,"column":37}},"25":{"start":{"line":59,"column":2},"end":{"line":59,"column":76}},"26":{"start":{"line":59,"column":21},"end":{"line":59,"column":76}},"27":{"start":{"line":62,"column":2},"end":{"line":68,"column":3}},"28":{"start":{"line":64,"column":6},"end":{"line":64,"column":66}},"29":{"start":{"line":65,"column":6},"end":{"line":65,"column":11}},"30":{"start":{"line":67,"column":6},"end":{"line":67,"column":64}},"31":{"start":{"line":70,"column":2},"end":{"line":70,"column":72}},"32":{"start":{"line":70,"column":15},"end":{"line":70,"column":72}},"33":{"start":{"line":72,"column":2},"end":{"line":72,"column":15}},"34":{"start":{"line":79,"column":24},"end":{"line":79,"column":64}},"35":{"start":{"line":79,"column":36},"end":{"line":79,"column":64}},"36":{"start":{"line":87,"column":16},"end":{"line":91,"column":1}},"37":{"start":{"line":88,"column":15},"end":{"line":88,"column":57}},"38":{"start":{"line":89,"column":2},"end":{"line":89,"column":63}},"39":{"start":{"line":89,"column":13},"end":{"line":89,"column":63}},"40":{"start":{"line":90,"column":2},"end":{"line":90,"column":13}},"41":{"start":{"line":99,"column":20},"end":{"line":103,"column":1}},"42":{"start":{"line":100,"column":15},"end":{"line":100,"column":58}},"43":{"start":{"line":101,"column":2},"end":{"line":101,"column":63}},"44":{"start":{"line":101,"column":13},"end":{"line":101,"column":63}},"45":{"start":{"line":102,"column":2},"end":{"line":102,"column":13}},"46":{"start":{"line":111,"column":14},"end":{"line":118,"column":1}},"47":{"start":{"line":112,"column":15},"end":{"line":112,"column":47}},"48":{"start":{"line":113,"column":22},"end":{"line":113,"column":64}},"49":{"start":{"line":114,"column":2},"end":{"line":114,"column":70}},"50":{"start":{"line":114,"column":20},"end":{"line":114,"column":70}},"51":{"start":{"line":116,"column":2},"end":{"line":116,"column":27}},"52":{"start":{"line":117,"column":2},"end":{"line":117,"column":13}},"53":{"start":{"line":120,"column":0},"end":{"line":127,"column":1}}},"fnMap":{"0":{"name":"(anonymous_0)","decl":{"start":{"line":13,"column":21},"end":{"line":13,"column":22}},"loc":{"start":{"line":13,"column":30},"end":{"line":13,"column":51}},"line":13},"1":{"name":"(anonymous_1)","decl":{"start":{"line":21,"column":20},"end":{"line":21,"column":21}},"loc":{"start":{"line":21,"column":43},"end":{"line":21,"column":70}},"line":21},"2":{"name":"(anonymous_2)","decl":{"start":{"line":28,"column":17},"end":{"line":28,"column":18}},"loc":{"start":{"line":28,"column":31},"end":{"line":49,"column":1}},"line":28},"3":{"name":"(anonymous_3)","decl":{"start":{"line":56,"column":15},"end":{"line":56,"column":16}},"loc":{"start":{"line":56,"column":29},"end":{"line":73,"column":1}},"line":56},"4":{"name":"(anonymous_4)","decl":{"start":{"line":79,"column":24},"end":{"line":79,"column":25}},"loc":{"start":{"line":79,"column":36},"end":{"line":79,"column":64}},"line":79},"5":{"name":"(anonymous_5)","decl":{"start":{"line":87,"column":16},"end":{"line":87,"column":17}},"loc":{"start":{"line":87,"column":44},"end":{"line":91,"column":1}},"line":87},"6":{"name":"(anonymous_6)","decl":{"start":{"line":99,"column":20},"end":{"line":99,"column":21}},"loc":{"start":{"line":99,"column":48},"end":{"line":103,"column":1}},"line":99},"7":{"name":"(anonymous_7)","decl":{"start":{"line":111,"column":14},"end":{"line":111,"column":15}},"loc":{"start":{"line":111,"column":38},"end":{"line":118,"column":1}},"line":111}},"branchMap":{"0":{"loc":{"start":{"line":33,"column":4},"end":{"line":39,"column":5}},"type":"switch","locations":[{"start":{"line":34,"column":6},"end":{"line":36,"column":13}},{"start":{"line":37,"column":6},"end":{"line":38,"column":55}}],"line":33},"1":{"loc":{"start":{"line":41,"column":4},"end":{"line":41,"column":100}},"type":"if","locations":[{"start":{"line":41,"column":4},"end":{"line":41,"column":100}},{"start":{"line":41,"column":4},"end":{"line":41,"column":100}}],"line":41},"2":{"loc":{"start":{"line":46,"column":4},"end":{"line":46,"column":122}},"type":"if","locations":[{"start":{"line":46,"column":4},"end":{"line":46,"column":122}},{"start":{"line":46,"column":4},"end":{"line":46,"column":122}}],"line":46},"3":{"loc":{"start":{"line":59,"column":2},"end":{"line":59,"column":76}},"type":"if","locations":[{"start":{"line":59,"column":2},"end":{"line":59,"column":76}},{"start":{"line":59,"column":2},"end":{"line":59,"column":76}}],"line":59},"4":{"loc":{"start":{"line":62,"column":2},"end":{"line":68,"column":3}},"type":"switch","locations":[{"start":{"line":63,"column":4},"end":{"line":65,"column":11}},{"start":{"line":66,"column":4},"end":{"line":67,"column":64}}],"line":62},"5":{"loc":{"start":{"line":70,"column":2},"end":{"line":70,"column":72}},"type":"if","locations":[{"start":{"line":70,"column":2},"end":{"line":70,"column":72}},{"start":{"line":70,"column":2},"end":{"line":70,"column":72}}],"line":70},"6":{"loc":{"start":{"line":87,"column":27},"end":{"line":87,"column":39}},"type":"default-arg","locations":[{"start":{"line":87,"column":37},"end":{"line":87,"column":39}}],"line":87},"7":{"loc":{"start":{"line":89,"column":2},"end":{"line":89,"column":63}},"type":"if","locations":[{"start":{"line":89,"column":2},"end":{"line":89,"column":63}},{"start":{"line":89,"column":2},"end":{"line":89,"column":63}}],"line":89},"8":{"loc":{"start":{"line":99,"column":31},"end":{"line":99,"column":43}},"type":"default-arg","locations":[{"start":{"line":99,"column":41},"end":{"line":99,"column":43}}],"line":99},"9":{"loc":{"start":{"line":101,"column":2},"end":{"line":101,"column":63}},"type":"if","locations":[{"start":{"line":101,"column":2},"end":{"line":101,"column":63}},{"start":{"line":101,"column":2},"end":{"line":101,"column":63}}],"line":101},"10":{"loc":{"start":{"line":114,"column":2},"end":{"line":114,"column":70}},"type":"if","locations":[{"start":{"line":114,"column":2},"end":{"line":114,"column":70}},{"start":{"line":114,"column":2},"end":{"line":114,"column":70}}],"line":114}},"s":{"0":1,"1":1,"2":1,"3":1,"4":1,"5":1,"6":0,"7":1,"8":0,"9":1,"10":0,"11":0,"12":0,"13":0,"14":0,"15":0,"16":0,"17":0,"18":0,"19":0,"20":0,"21":0,"22":0,"23":1,"24":0,"25":0,"26":0,"27":0,"28":0,"29":0,"30":0,"31":0,"32":0,"33":0,"34":1,"35":0,"36":1,"37":0,"38":0,"39":0,"40":0,"41":1,"42":4,"43":4,"44":0,"45":4,"46":1,"47":0,"48":0,"49":0,"50":0,"51":0,"52":0,"53":1},"f":{"0":0,"1":0,"2":0,"3":0,"4":0,"5":0,"6":4,"7":0},"b":{"0":[0,0],"1":[0,0],"2":[0,0],"3":[0,0],"4":[0,0],"5":[0,0],"6":[0],"7":[0,0],"8":[0],"9":[0,4],"10":[0,0]},"_coverageSchema":"43e27e138ebf9cfc5966b082cf9a028302ed4184","hash":"43991546fb31cae8b93c9c1f3b823606ea3837a2"}
,"/home/elen.salustiano/Documentos/acho-server/src/app/models/applicant.js": {"path":"/home/elen.salustiano/Documentos/acho-server/src/app/models/applicant.js","statementMap":{"0":{"start":{"line":1,"column":17},"end":{"line":1,"column":51}},"1":{"start":{"line":2,"column":18},"end":{"line":2,"column":35}},"2":{"start":{"line":4,"column":23},"end":{"line":9,"column":1}},"3":{"start":{"line":11,"column":0},"end":{"line":11,"column":31}}},"fnMap":{},"branchMap":{},"s":{"0":1,"1":1,"2":1,"3":1},"f":{},"b":{},"_coverageSchema":"43e27e138ebf9cfc5966b082cf9a028302ed4184","hash":"466bd4ee942a4015a2589bd483c30f2a493d6af8"}
,"/home/elen.salustiano/Documentos/acho-server/src/app/models/category.js": {"path":"/home/elen.salustiano/Documentos/acho-server/src/app/models/category.js","statementMap":{"0":{"start":{"line":1,"column":17},"end":{"line":1,"column":51}},"1":{"start":{"line":3,"column":23},"end":{"line":12,"column":82}},"2":{"start":{"line":14,"column":0},"end":{"line":14,"column":69}}},"fnMap":{},"branchMap":{},"s":{"0":1,"1":1,"2":1},"f":{},"b":{},"_coverageSchema":"43e27e138ebf9cfc5966b082cf9a028302ed4184","hash":"5cc37638a6c285aef8bc719e5aa7bff01bc9aca0"}
,"/home/elen.salustiano/Documentos/acho-server/src/app/models/coupon.js": {"path":"/home/elen.salustiano/Documentos/acho-server/src/app/models/coupon.js","statementMap":{"0":{"start":{"line":1,"column":17},"end":{"line":1,"column":51}},"1":{"start":{"line":3,"column":21},"end":{"line":12,"column":38}},"2":{"start":{"line":14,"column":0},"end":{"line":14,"column":65}}},"fnMap":{},"branchMap":{},"s":{"0":1,"1":1,"2":1},"f":{},"b":{},"_coverageSchema":"43e27e138ebf9cfc5966b082cf9a028302ed4184","hash":"8659c1f1d5f85bcbe702b96a38288ea392d630da"}
,"/home/elen.salustiano/Documentos/acho-server/src/app/models/institution.js": {"path":"/home/elen.salustiano/Documentos/acho-server/src/app/models/institution.js","statementMap":{"0":{"start":{"line":1,"column":17},"end":{"line":1,"column":51}},"1":{"start":{"line":2,"column":18},"end":{"line":2,"column":35}},"2":{"start":{"line":4,"column":25},"end":{"line":10,"column":1}},"3":{"start":{"line":12,"column":0},"end":{"line":12,"column":33}}},"fnMap":{},"branchMap":{},"s":{"0":1,"1":1,"2":1,"3":1},"f":{},"b":{},"_coverageSchema":"43e27e138ebf9cfc5966b082cf9a028302ed4184","hash":"d71adbb1264f0876de7b75d840758a8de028633d"}
,"/home/elen.salustiano/Documentos/acho-server/src/app/models/notification.js": {"path":"/home/elen.salustiano/Documentos/acho-server/src/app/models/notification.js","statementMap":{"0":{"start":{"line":1,"column":17},"end":{"line":1,"column":51}},"1":{"start":{"line":3,"column":27},"end":{"line":8,"column":86}},"2":{"start":{"line":10,"column":0},"end":{"line":13,"column":1}},"3":{"start":{"line":15,"column":0},"end":{"line":15,"column":77}}},"fnMap":{},"branchMap":{},"s":{"0":1,"1":1,"2":1,"3":1},"f":{},"b":{},"_coverageSchema":"43e27e138ebf9cfc5966b082cf9a028302ed4184","hash":"3598f6fdbb2b0cd0fbe00717096e76afe2f02f43"}
,"/home/elen.salustiano/Documentos/acho-server/src/app/models/object.js": {"path":"/home/elen.salustiano/Documentos/acho-server/src/app/models/object.js","statementMap":{"0":{"start":{"line":1,"column":17},"end":{"line":1,"column":51}},"1":{"start":{"line":3,"column":21},"end":{"line":25,"column":80}},"2":{"start":{"line":27,"column":0},"end":{"line":27,"column":82}},"3":{"start":{"line":29,"column":0},"end":{"line":29,"column":65}}},"fnMap":{},"branchMap":{},"s":{"0":1,"1":1,"2":1,"3":1},"f":{},"b":{},"_coverageSchema":"43e27e138ebf9cfc5966b082cf9a028302ed4184","hash":"3b21f7019a45e5ac4defa8f7d7695c00603f9f4b"}
,"/home/elen.salustiano/Documentos/acho-server/src/app/models/user.js": {"path":"/home/elen.salustiano/Documentos/acho-server/src/app/models/user.js","statementMap":{"0":{"start":{"line":1,"column":17},"end":{"line":1,"column":51}},"1":{"start":{"line":3,"column":0},"end":{"line":3,"column":51}},"2":{"start":{"line":4,"column":15},"end":{"line":18,"column":65}},"3":{"start":{"line":20,"column":0},"end":{"line":20,"column":57}}},"fnMap":{},"branchMap":{},"s":{"0":1,"1":1,"2":1,"3":1},"f":{},"b":{},"_coverageSchema":"43e27e138ebf9cfc5966b082cf9a028302ed4184","hash":"3ff6d748096ef5194f52ee30d6033dca3eeda70d"}
,"/home/elen.salustiano/Documentos/acho-server/src/app/services/applicant.js": {"path":"/home/elen.salustiano/Documentos/acho-server/src/app/services/applicant.js","statementMap":{"0":{"start":{"line":1,"column":12},"end":{"line":1,"column":34}},"1":{"start":{"line":2,"column":20},"end":{"line":2,"column":46}},"2":{"start":{"line":3,"column":44},"end":{"line":3,"column":73}},"3":{"start":{"line":4,"column":24},"end":{"line":4,"column":61}},"4":{"start":{"line":5,"column":19},"end":{"line":5,"column":57}},"5":{"start":{"line":14,"column":17},"end":{"line":26,"column":1}},"6":{"start":{"line":15,"column":2},"end":{"line":25,"column":3}},"7":{"start":{"line":16,"column":22},"end":{"line":16,"column":30}},"8":{"start":{"line":17,"column":4},"end":{"line":17,"column":55}},"9":{"start":{"line":18,"column":4},"end":{"line":18,"column":35}},"10":{"start":{"line":19,"column":17},"end":{"line":19,"column":46}},"11":{"start":{"line":20,"column":18},"end":{"line":20,"column":55}},"12":{"start":{"line":22,"column":4},"end":{"line":22,"column":41}},"13":{"start":{"line":24,"column":4},"end":{"line":24,"column":15}},"14":{"start":{"line":35,"column":15},"end":{"line":51,"column":1}},"15":{"start":{"line":36,"column":2},"end":{"line":50,"column":3}},"16":{"start":{"line":37,"column":4},"end":{"line":37,"column":49}},"17":{"start":{"line":39,"column":4},"end":{"line":39,"column":49}},"18":{"start":{"line":41,"column":17},"end":{"line":45,"column":6}},"19":{"start":{"line":47,"column":4},"end":{"line":47,"column":30}},"20":{"start":{"line":49,"column":4},"end":{"line":49,"column":15}},"21":{"start":{"line":53,"column":0},"end":{"line":56,"column":1}}},"fnMap":{"0":{"name":"(anonymous_0)","decl":{"start":{"line":14,"column":17},"end":{"line":14,"column":18}},"loc":{"start":{"line":14,"column":43},"end":{"line":26,"column":1}},"line":14},"1":{"name":"(anonymous_1)","decl":{"start":{"line":35,"column":15},"end":{"line":35,"column":16}},"loc":{"start":{"line":35,"column":41},"end":{"line":51,"column":1}},"line":35}},"branchMap":{},"s":{"0":1,"1":1,"2":1,"3":1,"4":1,"5":1,"6":3,"7":3,"8":3,"9":0,"10":0,"11":0,"12":0,"13":3,"14":1,"15":4,"16":4,"17":3,"18":0,"19":0,"20":4,"21":1},"f":{"0":3,"1":4},"b":{},"_coverageSchema":"43e27e138ebf9cfc5966b082cf9a028302ed4184","hash":"cefa898abbc7cf69c5bb691df6e6e2e2428d1844"}
,"/home/elen.salustiano/Documentos/acho-server/src/app/services/category.js": {"path":"/home/elen.salustiano/Documentos/acho-server/src/app/services/category.js","statementMap":{"0":{"start":{"line":1,"column":12},"end":{"line":1,"column":38}},"1":{"start":{"line":2,"column":24},"end":{"line":2,"column":61}},"2":{"start":{"line":3,"column":41},"end":{"line":3,"column":74}},"3":{"start":{"line":4,"column":19},"end":{"line":4,"column":57}},"4":{"start":{"line":10,"column":12},"end":{"line":18,"column":1}},"5":{"start":{"line":11,"column":2},"end":{"line":17,"column":3}},"6":{"start":{"line":12,"column":23},"end":{"line":12,"column":38}},"7":{"start":{"line":14,"column":4},"end":{"line":14,"column":36}},"8":{"start":{"line":16,"column":4},"end":{"line":16,"column":15}},"9":{"start":{"line":24,"column":17},"end":{"line":35,"column":1}},"10":{"start":{"line":25,"column":2},"end":{"line":34,"column":3}},"11":{"start":{"line":26,"column":4},"end":{"line":26,"column":45}},"12":{"start":{"line":28,"column":4},"end":{"line":28,"column":51}},"13":{"start":{"line":29,"column":4},"end":{"line":29,"column":32}},"14":{"start":{"line":31,"column":4},"end":{"line":31,"column":51}},"15":{"start":{"line":33,"column":4},"end":{"line":33,"column":15}},"16":{"start":{"line":41,"column":15},"end":{"line":52,"column":1}},"17":{"start":{"line":42,"column":2},"end":{"line":51,"column":3}},"18":{"start":{"line":43,"column":4},"end":{"line":43,"column":45}},"19":{"start":{"line":45,"column":4},"end":{"line":45,"column":49}},"20":{"start":{"line":46,"column":4},"end":{"line":46,"column":30}},"21":{"start":{"line":48,"column":4},"end":{"line":48,"column":48}},"22":{"start":{"line":50,"column":4},"end":{"line":50,"column":15}},"23":{"start":{"line":58,"column":23},"end":{"line":68,"column":1}},"24":{"start":{"line":59,"column":2},"end":{"line":67,"column":3}},"25":{"start":{"line":60,"column":4},"end":{"line":60,"column":45}},"26":{"start":{"line":62,"column":4},"end":{"line":62,"column":43}},"27":{"start":{"line":64,"column":4},"end":{"line":64,"column":47}},"28":{"start":{"line":66,"column":4},"end":{"line":66,"column":15}},"29":{"start":{"line":70,"column":0},"end":{"line":75,"column":1}}},"fnMap":{"0":{"name":"(anonymous_0)","decl":{"start":{"line":10,"column":12},"end":{"line":10,"column":13}},"loc":{"start":{"line":10,"column":38},"end":{"line":18,"column":1}},"line":10},"1":{"name":"(anonymous_1)","decl":{"start":{"line":24,"column":17},"end":{"line":24,"column":18}},"loc":{"start":{"line":24,"column":43},"end":{"line":35,"column":1}},"line":24},"2":{"name":"(anonymous_2)","decl":{"start":{"line":41,"column":15},"end":{"line":41,"column":16}},"loc":{"start":{"line":41,"column":41},"end":{"line":52,"column":1}},"line":41},"3":{"name":"(anonymous_3)","decl":{"start":{"line":58,"column":23},"end":{"line":58,"column":24}},"loc":{"start":{"line":58,"column":49},"end":{"line":68,"column":1}},"line":58}},"branchMap":{},"s":{"0":1,"1":1,"2":1,"3":1,"4":1,"5":0,"6":0,"7":0,"8":0,"9":1,"10":0,"11":0,"12":0,"13":0,"14":0,"15":0,"16":1,"17":0,"18":0,"19":0,"20":0,"21":0,"22":0,"23":1,"24":0,"25":0,"26":0,"27":0,"28":0,"29":1},"f":{"0":0,"1":0,"2":0,"3":0},"b":{},"_coverageSchema":"43e27e138ebf9cfc5966b082cf9a028302ed4184","hash":"b6906a9e2e1e26bfa53f39be467813781f5e2595"}
,"/home/elen.salustiano/Documentos/acho-server/src/app/services/coupon.js": {"path":"/home/elen.salustiano/Documentos/acho-server/src/app/services/coupon.js","statementMap":{"0":{"start":{"line":1,"column":12},"end":{"line":1,"column":36}},"1":{"start":{"line":2,"column":24},"end":{"line":2,"column":61}},"2":{"start":{"line":3,"column":25},"end":{"line":3,"column":56}},"3":{"start":{"line":9,"column":17},"end":{"line":18,"column":1}},"4":{"start":{"line":10,"column":2},"end":{"line":17,"column":3}},"5":{"start":{"line":11,"column":4},"end":{"line":11,"column":49}},"6":{"start":{"line":12,"column":4},"end":{"line":12,"column":32}},"7":{"start":{"line":14,"column":4},"end":{"line":14,"column":51}},"8":{"start":{"line":16,"column":4},"end":{"line":16,"column":15}},"9":{"start":{"line":26,"column":12},"end":{"line":34,"column":1}},"10":{"start":{"line":27,"column":2},"end":{"line":33,"column":3}},"11":{"start":{"line":28,"column":20},"end":{"line":28,"column":44}},"12":{"start":{"line":30,"column":4},"end":{"line":30,"column":33}},"13":{"start":{"line":32,"column":4},"end":{"line":32,"column":15}},"14":{"start":{"line":36,"column":0},"end":{"line":39,"column":1}}},"fnMap":{"0":{"name":"(anonymous_0)","decl":{"start":{"line":9,"column":17},"end":{"line":9,"column":18}},"loc":{"start":{"line":9,"column":43},"end":{"line":18,"column":1}},"line":9},"1":{"name":"(anonymous_1)","decl":{"start":{"line":26,"column":12},"end":{"line":26,"column":13}},"loc":{"start":{"line":26,"column":38},"end":{"line":34,"column":1}},"line":26}},"branchMap":{},"s":{"0":1,"1":1,"2":1,"3":1,"4":0,"5":0,"6":0,"7":0,"8":0,"9":1,"10":0,"11":0,"12":0,"13":0,"14":1},"f":{"0":0,"1":0},"b":{},"_coverageSchema":"43e27e138ebf9cfc5966b082cf9a028302ed4184","hash":"ed1ad5f7ffad95b837c3976bee5b30b84fffbf77"}
,"/home/elen.salustiano/Documentos/acho-server/src/app/services/institution.js": {"path":"/home/elen.salustiano/Documentos/acho-server/src/app/services/institution.js","statementMap":{"0":{"start":{"line":1,"column":12},"end":{"line":1,"column":34}},"1":{"start":{"line":2,"column":20},"end":{"line":2,"column":46}},"2":{"start":{"line":3,"column":44},"end":{"line":3,"column":73}},"3":{"start":{"line":4,"column":24},"end":{"line":4,"column":61}},"4":{"start":{"line":5,"column":19},"end":{"line":5,"column":57}},"5":{"start":{"line":14,"column":17},"end":{"line":26,"column":1}},"6":{"start":{"line":15,"column":2},"end":{"line":25,"column":3}},"7":{"start":{"line":16,"column":24},"end":{"line":16,"column":32}},"8":{"start":{"line":17,"column":4},"end":{"line":17,"column":57}},"9":{"start":{"line":18,"column":4},"end":{"line":18,"column":39}},"10":{"start":{"line":19,"column":17},"end":{"line":19,"column":48}},"11":{"start":{"line":20,"column":18},"end":{"line":20,"column":55}},"12":{"start":{"line":22,"column":4},"end":{"line":22,"column":41}},"13":{"start":{"line":24,"column":4},"end":{"line":24,"column":15}},"14":{"start":{"line":35,"column":16},"end":{"line":43,"column":1}},"15":{"start":{"line":36,"column":2},"end":{"line":42,"column":3}},"16":{"start":{"line":37,"column":25},"end":{"line":37,"column":52}},"17":{"start":{"line":39,"column":4},"end":{"line":39,"column":38}},"18":{"start":{"line":41,"column":4},"end":{"line":41,"column":15}},"19":{"start":{"line":52,"column":15},"end":{"line":67,"column":1}},"20":{"start":{"line":53,"column":2},"end":{"line":66,"column":3}},"21":{"start":{"line":54,"column":4},"end":{"line":54,"column":51}},"22":{"start":{"line":55,"column":4},"end":{"line":55,"column":49}},"23":{"start":{"line":57,"column":17},"end":{"line":61,"column":6}},"24":{"start":{"line":63,"column":4},"end":{"line":63,"column":30}},"25":{"start":{"line":65,"column":4},"end":{"line":65,"column":15}},"26":{"start":{"line":69,"column":0},"end":{"line":73,"column":1}}},"fnMap":{"0":{"name":"(anonymous_0)","decl":{"start":{"line":14,"column":17},"end":{"line":14,"column":18}},"loc":{"start":{"line":14,"column":43},"end":{"line":26,"column":1}},"line":14},"1":{"name":"(anonymous_1)","decl":{"start":{"line":35,"column":16},"end":{"line":35,"column":17}},"loc":{"start":{"line":35,"column":42},"end":{"line":43,"column":1}},"line":35},"2":{"name":"(anonymous_2)","decl":{"start":{"line":52,"column":15},"end":{"line":52,"column":16}},"loc":{"start":{"line":52,"column":41},"end":{"line":67,"column":1}},"line":52}},"branchMap":{},"s":{"0":1,"1":1,"2":1,"3":1,"4":1,"5":1,"6":0,"7":0,"8":0,"9":0,"10":0,"11":0,"12":0,"13":0,"14":1,"15":0,"16":0,"17":0,"18":0,"19":1,"20":0,"21":0,"22":0,"23":0,"24":0,"25":0,"26":1},"f":{"0":0,"1":0,"2":0},"b":{},"_coverageSchema":"43e27e138ebf9cfc5966b082cf9a028302ed4184","hash":"9cfafd224f3d18f3ed4326b44f4a28de65c9d676"}
,"/home/elen.salustiano/Documentos/acho-server/src/app/services/notification.js": {"path":"/home/elen.salustiano/Documentos/acho-server/src/app/services/notification.js","statementMap":{"0":{"start":{"line":1,"column":12},"end":{"line":1,"column":42}},"1":{"start":{"line":2,"column":24},"end":{"line":2,"column":61}},"2":{"start":{"line":3,"column":25},"end":{"line":3,"column":56}},"3":{"start":{"line":9,"column":17},"end":{"line":23,"column":1}},"4":{"start":{"line":10,"column":2},"end":{"line":22,"column":3}},"5":{"start":{"line":11,"column":4},"end":{"line":11,"column":49}},"6":{"start":{"line":12,"column":25},"end":{"line":15,"column":5}},"7":{"start":{"line":17,"column":4},"end":{"line":17,"column":36}},"8":{"start":{"line":19,"column":4},"end":{"line":19,"column":46}},"9":{"start":{"line":21,"column":4},"end":{"line":21,"column":15}},"10":{"start":{"line":29,"column":12},"end":{"line":37,"column":1}},"11":{"start":{"line":30,"column":2},"end":{"line":36,"column":3}},"12":{"start":{"line":31,"column":26},"end":{"line":31,"column":55}},"13":{"start":{"line":33,"column":4},"end":{"line":33,"column":39}},"14":{"start":{"line":35,"column":4},"end":{"line":35,"column":15}},"15":{"start":{"line":43,"column":27},"end":{"line":51,"column":1}},"16":{"start":{"line":44,"column":2},"end":{"line":50,"column":3}},"17":{"start":{"line":45,"column":4},"end":{"line":45,"column":47}},"18":{"start":{"line":47,"column":4},"end":{"line":47,"column":49}},"19":{"start":{"line":49,"column":4},"end":{"line":49,"column":15}},"20":{"start":{"line":53,"column":0},"end":{"line":57,"column":1}}},"fnMap":{"0":{"name":"(anonymous_0)","decl":{"start":{"line":9,"column":17},"end":{"line":9,"column":18}},"loc":{"start":{"line":9,"column":43},"end":{"line":23,"column":1}},"line":9},"1":{"name":"(anonymous_1)","decl":{"start":{"line":29,"column":12},"end":{"line":29,"column":13}},"loc":{"start":{"line":29,"column":38},"end":{"line":37,"column":1}},"line":29},"2":{"name":"(anonymous_2)","decl":{"start":{"line":43,"column":27},"end":{"line":43,"column":28}},"loc":{"start":{"line":43,"column":53},"end":{"line":51,"column":1}},"line":43}},"branchMap":{},"s":{"0":1,"1":1,"2":1,"3":1,"4":0,"5":0,"6":0,"7":0,"8":0,"9":0,"10":1,"11":0,"12":0,"13":0,"14":0,"15":1,"16":0,"17":0,"18":0,"19":0,"20":1},"f":{"0":0,"1":0,"2":0},"b":{},"_coverageSchema":"43e27e138ebf9cfc5966b082cf9a028302ed4184","hash":"b4090bf1598f08fbd7a735a7293110957e01bf33"}
,"/home/elen.salustiano/Documentos/acho-server/src/app/services/object.js": {"path":"/home/elen.salustiano/Documentos/acho-server/src/app/services/object.js","statementMap":{"0":{"start":{"line":1,"column":12},"end":{"line":1,"column":36}},"1":{"start":{"line":2,"column":24},"end":{"line":2,"column":54}},"2":{"start":{"line":9,"column":4},"end":{"line":9,"column":35}},"3":{"start":{"line":10,"column":24},"end":{"line":10,"column":61}},"4":{"start":{"line":11,"column":25},"end":{"line":11,"column":58}},"5":{"start":{"line":12,"column":17},"end":{"line":12,"column":40}},"6":{"start":{"line":13,"column":19},"end":{"line":13,"column":57}},"7":{"start":{"line":20,"column":17},"end":{"line":35,"column":1}},"8":{"start":{"line":21,"column":2},"end":{"line":34,"column":3}},"9":{"start":{"line":22,"column":4},"end":{"line":22,"column":51}},"10":{"start":{"line":23,"column":4},"end":{"line":23,"column":49}},"11":{"start":{"line":25,"column":19},"end":{"line":25,"column":27}},"12":{"start":{"line":27,"column":20},"end":{"line":27,"column":80}},"13":{"start":{"line":29,"column":4},"end":{"line":29,"column":58}},"14":{"start":{"line":31,"column":4},"end":{"line":31,"column":51}},"15":{"start":{"line":33,"column":4},"end":{"line":33,"column":15}},"16":{"start":{"line":41,"column":15},"end":{"line":50,"column":1}},"17":{"start":{"line":42,"column":2},"end":{"line":49,"column":3}},"18":{"start":{"line":43,"column":4},"end":{"line":43,"column":49}},"19":{"start":{"line":44,"column":20},"end":{"line":44,"column":46}},"20":{"start":{"line":46,"column":4},"end":{"line":46,"column":33}},"21":{"start":{"line":48,"column":4},"end":{"line":48,"column":15}},"22":{"start":{"line":57,"column":16},"end":{"line":75,"column":1}},"23":{"start":{"line":58,"column":2},"end":{"line":74,"column":3}},"24":{"start":{"line":59,"column":4},"end":{"line":59,"column":49}},"25":{"start":{"line":60,"column":4},"end":{"line":60,"column":50}},"26":{"start":{"line":62,"column":27},"end":{"line":62,"column":77}},"27":{"start":{"line":64,"column":22},"end":{"line":67,"column":5}},"28":{"start":{"line":69,"column":4},"end":{"line":69,"column":62}},"29":{"start":{"line":71,"column":4},"end":{"line":71,"column":40}},"30":{"start":{"line":73,"column":4},"end":{"line":73,"column":15}},"31":{"start":{"line":82,"column":16},"end":{"line":93,"column":1}},"32":{"start":{"line":83,"column":2},"end":{"line":92,"column":3}},"33":{"start":{"line":84,"column":4},"end":{"line":84,"column":51}},"34":{"start":{"line":85,"column":4},"end":{"line":85,"column":57}},"35":{"start":{"line":87,"column":4},"end":{"line":87,"column":60}},"36":{"start":{"line":89,"column":4},"end":{"line":89,"column":45}},"37":{"start":{"line":91,"column":4},"end":{"line":91,"column":15}},"38":{"start":{"line":100,"column":15},"end":{"line":111,"column":1}},"39":{"start":{"line":101,"column":2},"end":{"line":110,"column":3}},"40":{"start":{"line":102,"column":4},"end":{"line":102,"column":51}},"41":{"start":{"line":103,"column":4},"end":{"line":103,"column":49}},"42":{"start":{"line":105,"column":19},"end":{"line":105,"column":59}},"43":{"start":{"line":107,"column":4},"end":{"line":107,"column":32}},"44":{"start":{"line":109,"column":4},"end":{"line":109,"column":15}},"45":{"start":{"line":120,"column":18},"end":{"line":128,"column":1}},"46":{"start":{"line":121,"column":2},"end":{"line":127,"column":3}},"47":{"start":{"line":122,"column":19},"end":{"line":122,"column":59}},"48":{"start":{"line":124,"column":4},"end":{"line":124,"column":32}},"49":{"start":{"line":126,"column":4},"end":{"line":126,"column":15}},"50":{"start":{"line":136,"column":30},"end":{"line":146,"column":1}},"51":{"start":{"line":137,"column":2},"end":{"line":145,"column":3}},"52":{"start":{"line":138,"column":4},"end":{"line":138,"column":49}},"53":{"start":{"line":140,"column":19},"end":{"line":140,"column":82}},"54":{"start":{"line":142,"column":4},"end":{"line":142,"column":32}},"55":{"start":{"line":144,"column":4},"end":{"line":144,"column":15}},"56":{"start":{"line":153,"column":27},"end":{"line":162,"column":1}},"57":{"start":{"line":154,"column":2},"end":{"line":161,"column":3}},"58":{"start":{"line":155,"column":4},"end":{"line":155,"column":57}},"59":{"start":{"line":156,"column":4},"end":{"line":156,"column":71}},"60":{"start":{"line":158,"column":4},"end":{"line":158,"column":60}},"61":{"start":{"line":160,"column":4},"end":{"line":160,"column":15}},"62":{"start":{"line":169,"column":21},"end":{"line":179,"column":1}},"63":{"start":{"line":170,"column":2},"end":{"line":178,"column":3}},"64":{"start":{"line":171,"column":4},"end":{"line":171,"column":51}},"65":{"start":{"line":173,"column":4},"end":{"line":173,"column":55}},"66":{"start":{"line":175,"column":4},"end":{"line":175,"column":44}},"67":{"start":{"line":177,"column":4},"end":{"line":177,"column":15}},"68":{"start":{"line":186,"column":25},"end":{"line":202,"column":1}},"69":{"start":{"line":187,"column":2},"end":{"line":201,"column":3}},"70":{"start":{"line":188,"column":4},"end":{"line":188,"column":49}},"71":{"start":{"line":189,"column":4},"end":{"line":189,"column":50}},"72":{"start":{"line":191,"column":22},"end":{"line":194,"column":5}},"73":{"start":{"line":196,"column":4},"end":{"line":196,"column":60}},"74":{"start":{"line":198,"column":4},"end":{"line":198,"column":64}},"75":{"start":{"line":200,"column":4},"end":{"line":200,"column":15}},"76":{"start":{"line":209,"column":25},"end":{"line":219,"column":1}},"77":{"start":{"line":210,"column":2},"end":{"line":218,"column":3}},"78":{"start":{"line":211,"column":4},"end":{"line":211,"column":49}},"79":{"start":{"line":213,"column":4},"end":{"line":213,"column":65}},"80":{"start":{"line":215,"column":4},"end":{"line":215,"column":48}},"81":{"start":{"line":217,"column":4},"end":{"line":217,"column":15}},"82":{"start":{"line":221,"column":0},"end":{"line":233,"column":1}}},"fnMap":{"0":{"name":"(anonymous_0)","decl":{"start":{"line":20,"column":17},"end":{"line":20,"column":18}},"loc":{"start":{"line":20,"column":43},"end":{"line":35,"column":1}},"line":20},"1":{"name":"(anonymous_1)","decl":{"start":{"line":41,"column":15},"end":{"line":41,"column":16}},"loc":{"start":{"line":41,"column":41},"end":{"line":50,"column":1}},"line":41},"2":{"name":"(anonymous_2)","decl":{"start":{"line":57,"column":16},"end":{"line":57,"column":17}},"loc":{"start":{"line":57,"column":42},"end":{"line":75,"column":1}},"line":57},"3":{"name":"(anonymous_3)","decl":{"start":{"line":82,"column":16},"end":{"line":82,"column":17}},"loc":{"start":{"line":82,"column":42},"end":{"line":93,"column":1}},"line":82},"4":{"name":"(anonymous_4)","decl":{"start":{"line":100,"column":15},"end":{"line":100,"column":16}},"loc":{"start":{"line":100,"column":41},"end":{"line":111,"column":1}},"line":100},"5":{"name":"(anonymous_5)","decl":{"start":{"line":120,"column":18},"end":{"line":120,"column":19}},"loc":{"start":{"line":120,"column":44},"end":{"line":128,"column":1}},"line":120},"6":{"name":"(anonymous_6)","decl":{"start":{"line":136,"column":30},"end":{"line":136,"column":31}},"loc":{"start":{"line":136,"column":56},"end":{"line":146,"column":1}},"line":136},"7":{"name":"(anonymous_7)","decl":{"start":{"line":153,"column":27},"end":{"line":153,"column":28}},"loc":{"start":{"line":153,"column":53},"end":{"line":162,"column":1}},"line":153},"8":{"name":"(anonymous_8)","decl":{"start":{"line":169,"column":21},"end":{"line":169,"column":22}},"loc":{"start":{"line":169,"column":47},"end":{"line":179,"column":1}},"line":169},"9":{"name":"(anonymous_9)","decl":{"start":{"line":186,"column":25},"end":{"line":186,"column":26}},"loc":{"start":{"line":186,"column":51},"end":{"line":202,"column":1}},"line":186},"10":{"name":"(anonymous_10)","decl":{"start":{"line":209,"column":25},"end":{"line":209,"column":26}},"loc":{"start":{"line":209,"column":51},"end":{"line":219,"column":1}},"line":209}},"branchMap":{},"s":{"0":1,"1":1,"2":1,"3":1,"4":1,"5":1,"6":1,"7":1,"8":0,"9":0,"10":0,"11":0,"12":0,"13":0,"14":0,"15":0,"16":1,"17":0,"18":0,"19":0,"20":0,"21":0,"22":1,"23":0,"24":0,"25":0,"26":0,"27":0,"28":0,"29":0,"30":0,"31":1,"32":0,"33":0,"34":0,"35":0,"36":0,"37":0,"38":1,"39":0,"40":0,"41":0,"42":0,"43":0,"44":0,"45":1,"46":0,"47":0,"48":0,"49":0,"50":1,"51":0,"52":0,"53":0,"54":0,"55":0,"56":1,"57":0,"58":0,"59":0,"60":0,"61":0,"62":1,"63":0,"64":0,"65":0,"66":0,"67":0,"68":1,"69":0,"70":0,"71":0,"72":0,"73":0,"74":0,"75":0,"76":1,"77":0,"78":0,"79":0,"80":0,"81":0,"82":1},"f":{"0":0,"1":0,"2":0,"3":0,"4":0,"5":0,"6":0,"7":0,"8":0,"9":0,"10":0},"b":{},"_coverageSchema":"43e27e138ebf9cfc5966b082cf9a028302ed4184","hash":"003a555c4016d8ecf982e39c656214c98edc5f71"}
,"/home/elen.salustiano/Documentos/acho-server/src/app/services/user.js": {"path":"/home/elen.salustiano/Documentos/acho-server/src/app/services/user.js","statementMap":{"0":{"start":{"line":1,"column":12},"end":{"line":1,"column":34}},"1":{"start":{"line":2,"column":30},"end":{"line":2,"column":56}},"2":{"start":{"line":3,"column":70},"end":{"line":3,"column":99}},"3":{"start":{"line":4,"column":24},"end":{"line":4,"column":61}},"4":{"start":{"line":5,"column":25},"end":{"line":5,"column":58}},"5":{"start":{"line":6,"column":17},"end":{"line":6,"column":40}},"6":{"start":{"line":15,"column":14},"end":{"line":26,"column":1}},"7":{"start":{"line":16,"column":2},"end":{"line":25,"column":3}},"8":{"start":{"line":17,"column":4},"end":{"line":17,"column":48}},"9":{"start":{"line":19,"column":17},"end":{"line":19,"column":64}},"10":{"start":{"line":20,"column":18},"end":{"line":20,"column":55}},"11":{"start":{"line":22,"column":4},"end":{"line":22,"column":41}},"12":{"start":{"line":24,"column":4},"end":{"line":24,"column":15}},"13":{"start":{"line":35,"column":25},"end":{"line":54,"column":1}},"14":{"start":{"line":36,"column":2},"end":{"line":53,"column":3}},"15":{"start":{"line":37,"column":4},"end":{"line":37,"column":59}},"16":{"start":{"line":38,"column":19},"end":{"line":38,"column":27}},"17":{"start":{"line":39,"column":17},"end":{"line":39,"column":38}},"18":{"start":{"line":41,"column":18},"end":{"line":41,"column":81}},"19":{"start":{"line":42,"column":16},"end":{"line":42,"column":48}},"20":{"start":{"line":44,"column":22},"end":{"line":47,"column":5}},"21":{"start":{"line":49,"column":4},"end":{"line":49,"column":67}},"22":{"start":{"line":50,"column":4},"end":{"line":50,"column":42}},"23":{"start":{"line":52,"column":4},"end":{"line":52,"column":15}},"24":{"start":{"line":63,"column":23},"end":{"line":75,"column":1}},"25":{"start":{"line":64,"column":2},"end":{"line":74,"column":3}},"26":{"start":{"line":65,"column":4},"end":{"line":65,"column":57}},"27":{"start":{"line":66,"column":25},"end":{"line":66,"column":33}},"28":{"start":{"line":68,"column":41},"end":{"line":68,"column":71}},"29":{"start":{"line":69,"column":4},"end":{"line":69,"column":55}},"30":{"start":{"line":71,"column":4},"end":{"line":71,"column":42}},"31":{"start":{"line":73,"column":4},"end":{"line":73,"column":15}},"32":{"start":{"line":77,"column":0},"end":{"line":81,"column":1}}},"fnMap":{"0":{"name":"(anonymous_0)","decl":{"start":{"line":15,"column":14},"end":{"line":15,"column":15}},"loc":{"start":{"line":15,"column":40},"end":{"line":26,"column":1}},"line":15},"1":{"name":"(anonymous_1)","decl":{"start":{"line":35,"column":25},"end":{"line":35,"column":26}},"loc":{"start":{"line":35,"column":51},"end":{"line":54,"column":1}},"line":35},"2":{"name":"(anonymous_2)","decl":{"start":{"line":63,"column":23},"end":{"line":63,"column":24}},"loc":{"start":{"line":63,"column":49},"end":{"line":75,"column":1}},"line":63}},"branchMap":{"0":{"loc":{"start":{"line":46,"column":37},"end":{"line":46,"column":66}},"type":"binary-expr","locations":[{"start":{"line":46,"column":37},"end":{"line":46,"column":46}},{"start":{"line":46,"column":50},"end":{"line":46,"column":66}}],"line":46}},"s":{"0":1,"1":1,"2":1,"3":1,"4":1,"5":1,"6":1,"7":0,"8":0,"9":0,"10":0,"11":0,"12":0,"13":1,"14":0,"15":0,"16":0,"17":0,"18":0,"19":0,"20":0,"21":0,"22":0,"23":0,"24":1,"25":0,"26":0,"27":0,"28":0,"29":0,"30":0,"31":0,"32":1},"f":{"0":0,"1":0,"2":0},"b":{"0":[0,0]},"_coverageSchema":"43e27e138ebf9cfc5966b082cf9a028302ed4184","hash":"43fdae57b28db3cea38ec85a4aee7e4cbbf35045"}
,"/home/elen.salustiano/Documentos/acho-server/src/auth/auth.js": {"path":"/home/elen.salustiano/Documentos/acho-server/src/auth/auth.js","statementMap":{"0":{"start":{"line":1,"column":25},"end":{"line":1,"column":48}},"1":{"start":{"line":2,"column":22},"end":{"line":2,"column":49}},"2":{"start":{"line":10,"column":16},"end":{"line":10,"column":76}},"3":{"start":{"line":10,"column":31},"end":{"line":10,"column":76}},"4":{"start":{"line":17,"column":17},"end":{"line":17,"column":50}},"5":{"start":{"line":17,"column":26},"end":{"line":17,"column":50}},"6":{"start":{"line":19,"column":0},"end":{"line":22,"column":1}}},"fnMap":{"0":{"name":"(anonymous_0)","decl":{"start":{"line":10,"column":16},"end":{"line":10,"column":17}},"loc":{"start":{"line":10,"column":31},"end":{"line":10,"column":76}},"line":10},"1":{"name":"(anonymous_1)","decl":{"start":{"line":17,"column":17},"end":{"line":17,"column":18}},"loc":{"start":{"line":17,"column":26},"end":{"line":17,"column":50}},"line":17}},"branchMap":{},"s":{"0":1,"1":1,"2":1,"3":1,"4":1,"5":4,"6":1},"f":{"0":1,"1":4},"b":{},"_coverageSchema":"43e27e138ebf9cfc5966b082cf9a028302ed4184","hash":"47f304b940b08b3d0d71a4b2b562b8ab7e74e1d3"}
,"/home/elen.salustiano/Documentos/acho-server/src/config/bd-connect.js": {"path":"/home/elen.salustiano/Documentos/acho-server/src/config/bd-connect.js","statementMap":{"0":{"start":{"line":1,"column":17},"end":{"line":1,"column":36}},"1":{"start":{"line":2,"column":25},"end":{"line":2,"column":52}},"2":{"start":{"line":4,"column":0},"end":{"line":4,"column":30}},"3":{"start":{"line":6,"column":0},"end":{"line":6,"column":25}}},"fnMap":{},"branchMap":{},"s":{"0":1,"1":1,"2":1,"3":1},"f":{},"b":{},"_coverageSchema":"43e27e138ebf9cfc5966b082cf9a028302ed4184","hash":"9f87cde4d18e38b8a384e3bd3c2430dcbb56cfc2"}
,"/home/elen.salustiano/Documentos/acho-server/src/middleware/auth.js": {"path":"/home/elen.salustiano/Documentos/acho-server/src/middleware/auth.js","statementMap":{"0":{"start":{"line":1,"column":21},"end":{"line":1,"column":44}},"1":{"start":{"line":2,"column":24},"end":{"line":2,"column":50}},"2":{"start":{"line":3,"column":30},"end":{"line":3,"column":62}},"3":{"start":{"line":5,"column":0},"end":{"line":20,"column":1}},"4":{"start":{"line":6,"column":2},"end":{"line":19,"column":3}},"5":{"start":{"line":7,"column":4},"end":{"line":16,"column":45}},"6":{"start":{"line":8,"column":28},"end":{"line":8,"column":64}},"7":{"start":{"line":9,"column":6},"end":{"line":14,"column":47}},"8":{"start":{"line":10,"column":33},"end":{"line":10,"column":54}},"9":{"start":{"line":11,"column":8},"end":{"line":11,"column":57}},"10":{"start":{"line":12,"column":8},"end":{"line":12,"column":14}},"11":{"start":{"line":14,"column":11},"end":{"line":14,"column":47}},"12":{"start":{"line":16,"column":9},"end":{"line":16,"column":45}},"13":{"start":{"line":18,"column":4},"end":{"line":18,"column":46}}},"fnMap":{"0":{"name":"(anonymous_0)","decl":{"start":{"line":5,"column":17},"end":{"line":5,"column":18}},"loc":{"start":{"line":5,"column":43},"end":{"line":20,"column":1}},"line":5}},"branchMap":{"0":{"loc":{"start":{"line":7,"column":4},"end":{"line":16,"column":45}},"type":"if","locations":[{"start":{"line":7,"column":4},"end":{"line":16,"column":45}},{"start":{"line":7,"column":4},"end":{"line":16,"column":45}}],"line":7},"1":{"loc":{"start":{"line":9,"column":6},"end":{"line":14,"column":47}},"type":"if","locations":[{"start":{"line":9,"column":6},"end":{"line":14,"column":47}},{"start":{"line":9,"column":6},"end":{"line":14,"column":47}}],"line":9},"2":{"loc":{"start":{"line":9,"column":10},"end":{"line":9,"column":36}},"type":"binary-expr","locations":[{"start":{"line":9,"column":10},"end":{"line":9,"column":27}},{"start":{"line":9,"column":31},"end":{"line":9,"column":36}}],"line":9}},"s":{"0":1,"1":1,"2":1,"3":1,"4":5,"5":5,"6":4,"7":4,"8":4,"9":4,"10":4,"11":0,"12":1,"13":1},"f":{"0":5},"b":{"0":[4,1],"1":[4,0],"2":[4,4]},"_coverageSchema":"43e27e138ebf9cfc5966b082cf9a028302ed4184","hash":"f3b7ebd848eb514e5754dcd86f5958a97264e072"}
,"/home/elen.salustiano/Documentos/acho-server/src/middleware/error.js": {"path":"/home/elen.salustiano/Documentos/acho-server/src/middleware/error.js","statementMap":{"0":{"start":{"line":1,"column":24},"end":{"line":1,"column":56}},"1":{"start":{"line":3,"column":0},"end":{"line":7,"column":1}},"2":{"start":{"line":4,"column":2},"end":{"line":4,"column":29}},"3":{"start":{"line":5,"column":2},"end":{"line":5,"column":88}},"4":{"start":{"line":5,"column":23},"end":{"line":5,"column":88}},"5":{"start":{"line":6,"column":2},"end":{"line":6,"column":38}}},"fnMap":{"0":{"name":"(anonymous_0)","decl":{"start":{"line":3,"column":17},"end":{"line":3,"column":18}},"loc":{"start":{"line":3,"column":42},"end":{"line":7,"column":1}},"line":3}},"branchMap":{"0":{"loc":{"start":{"line":5,"column":2},"end":{"line":5,"column":88}},"type":"if","locations":[{"start":{"line":5,"column":2},"end":{"line":5,"column":88}},{"start":{"line":5,"column":2},"end":{"line":5,"column":88}}],"line":5}},"s":{"0":1,"1":1,"2":8,"3":8,"4":6,"5":8},"f":{"0":8},"b":{"0":[6,2]},"_coverageSchema":"43e27e138ebf9cfc5966b082cf9a028302ed4184","hash":"be6002534e7d3aad3d98c3f8f929642ab6cd9794"}
,"/home/elen.salustiano/Documentos/acho-server/src/middleware/permission.js": {"path":"/home/elen.salustiano/Documentos/acho-server/src/middleware/permission.js","statementMap":{"0":{"start":{"line":1,"column":27},"end":{"line":1,"column":59}},"1":{"start":{"line":7,"column":21},"end":{"line":9,"column":1}},"2":{"start":{"line":8,"column":2},"end":{"line":8,"column":38}},"3":{"start":{"line":8,"column":16},"end":{"line":8,"column":38}},"4":{"start":{"line":15,"column":25},"end":{"line":17,"column":1}},"5":{"start":{"line":16,"column":2},"end":{"line":16,"column":53}},"6":{"start":{"line":16,"column":31},"end":{"line":16,"column":53}},"7":{"start":{"line":23,"column":27},"end":{"line":25,"column":1}},"8":{"start":{"line":24,"column":2},"end":{"line":24,"column":55}},"9":{"start":{"line":24,"column":33},"end":{"line":24,"column":55}},"10":{"start":{"line":27,"column":0},"end":{"line":31,"column":1}}},"fnMap":{"0":{"name":"(anonymous_0)","decl":{"start":{"line":7,"column":21},"end":{"line":7,"column":22}},"loc":{"start":{"line":7,"column":32},"end":{"line":9,"column":1}},"line":7},"1":{"name":"(anonymous_1)","decl":{"start":{"line":15,"column":25},"end":{"line":15,"column":26}},"loc":{"start":{"line":15,"column":36},"end":{"line":17,"column":1}},"line":15},"2":{"name":"(anonymous_2)","decl":{"start":{"line":23,"column":27},"end":{"line":23,"column":28}},"loc":{"start":{"line":23,"column":38},"end":{"line":25,"column":1}},"line":23}},"branchMap":{"0":{"loc":{"start":{"line":8,"column":2},"end":{"line":8,"column":38}},"type":"if","locations":[{"start":{"line":8,"column":2},"end":{"line":8,"column":38}},{"start":{"line":8,"column":2},"end":{"line":8,"column":38}}],"line":8},"1":{"loc":{"start":{"line":16,"column":2},"end":{"line":16,"column":53}},"type":"if","locations":[{"start":{"line":16,"column":2},"end":{"line":16,"column":53}},{"start":{"line":16,"column":2},"end":{"line":16,"column":53}}],"line":16},"2":{"loc":{"start":{"line":24,"column":2},"end":{"line":24,"column":55}},"type":"if","locations":[{"start":{"line":24,"column":2},"end":{"line":24,"column":55}},{"start":{"line":24,"column":2},"end":{"line":24,"column":55}}],"line":24}},"s":{"0":1,"1":1,"2":0,"3":0,"4":1,"5":4,"6":1,"7":1,"8":0,"9":0,"10":1},"f":{"0":0,"1":4,"2":0},"b":{"0":[0,0],"1":[1,3],"2":[0,0]},"_coverageSchema":"43e27e138ebf9cfc5966b082cf9a028302ed4184","hash":"4c4cfd7bd31b97ca05ff5fbd70eef1adb5208ba8"}
,"/home/elen.salustiano/Documentos/acho-server/src/middleware/validator.js": {"path":"/home/elen.salustiano/Documentos/acho-server/src/middleware/validator.js","statementMap":{"0":{"start":{"line":1,"column":28},"end":{"line":1,"column":60}},"1":{"start":{"line":3,"column":0},"end":{"line":15,"column":1}},"2":{"start":{"line":4,"column":20},"end":{"line":4,"column":64}},"3":{"start":{"line":5,"column":2},"end":{"line":14,"column":3}},"4":{"start":{"line":6,"column":25},"end":{"line":11,"column":5}},"5":{"start":{"line":7,"column":7},"end":{"line":10,"column":7}},"6":{"start":{"line":13,"column":4},"end":{"line":13,"column":39}}},"fnMap":{"0":{"name":"(anonymous_0)","decl":{"start":{"line":3,"column":17},"end":{"line":3,"column":18}},"loc":{"start":{"line":3,"column":35},"end":{"line":15,"column":1}},"line":3},"1":{"name":"(anonymous_1)","decl":{"start":{"line":6,"column":43},"end":{"line":6,"column":44}},"loc":{"start":{"line":7,"column":7},"end":{"line":10,"column":7}},"line":7}},"branchMap":{"0":{"loc":{"start":{"line":5,"column":2},"end":{"line":14,"column":3}},"type":"if","locations":[{"start":{"line":5,"column":2},"end":{"line":14,"column":3}},{"start":{"line":5,"column":2},"end":{"line":14,"column":3}}],"line":5}},"s":{"0":1,"1":1,"2":6,"3":0,"4":0,"5":0,"6":0},"f":{"0":6,"1":0},"b":{"0":[0,0]},"_coverageSchema":"43e27e138ebf9cfc5966b082cf9a028302ed4184","hash":"36eea37c92371c249b0ddc7ed93daa3e0128753d"}
,"/home/elen.salustiano/Documentos/acho-server/src/schemas/category.js": {"path":"/home/elen.salustiano/Documentos/acho-server/src/schemas/category.js","statementMap":{"0":{"start":{"line":1,"column":12},"end":{"line":1,"column":26}},"1":{"start":{"line":3,"column":23},"end":{"line":10,"column":2}},"2":{"start":{"line":12,"column":21},"end":{"line":19,"column":2}},"3":{"start":{"line":21,"column":0},"end":{"line":24,"column":1}}},"fnMap":{},"branchMap":{},"s":{"0":1,"1":1,"2":1,"3":1},"f":{},"b":{},"_coverageSchema":"43e27e138ebf9cfc5966b082cf9a028302ed4184","hash":"77c2e931625c293130ce06b22442e48417e7515a"}
,"/home/elen.salustiano/Documentos/acho-server/src/schemas/coupon.js": {"path":"/home/elen.salustiano/Documentos/acho-server/src/schemas/coupon.js","statementMap":{"0":{"start":{"line":1,"column":12},"end":{"line":1,"column":26}},"1":{"start":{"line":3,"column":21},"end":{"line":11,"column":2}},"2":{"start":{"line":13,"column":0},"end":{"line":15,"column":1}}},"fnMap":{},"branchMap":{},"s":{"0":1,"1":1,"2":1},"f":{},"b":{},"_coverageSchema":"43e27e138ebf9cfc5966b082cf9a028302ed4184","hash":"dc2713ccb5a24c1dba9fe2492d8d99140f164614"}
,"/home/elen.salustiano/Documentos/acho-server/src/schemas/object.js": {"path":"/home/elen.salustiano/Documentos/acho-server/src/schemas/object.js","statementMap":{"0":{"start":{"line":1,"column":12},"end":{"line":1,"column":26}},"1":{"start":{"line":3,"column":21},"end":{"line":12,"column":2}},"2":{"start":{"line":14,"column":22},"end":{"line":16,"column":2}},"3":{"start":{"line":18,"column":29},"end":{"line":20,"column":2}},"4":{"start":{"line":22,"column":21},"end":{"line":31,"column":2}},"5":{"start":{"line":33,"column":21},"end":{"line":35,"column":3}},"6":{"start":{"line":37,"column":0},"end":{"line":43,"column":1}}},"fnMap":{},"branchMap":{},"s":{"0":1,"1":1,"2":1,"3":1,"4":1,"5":1,"6":1},"f":{},"b":{},"_coverageSchema":"43e27e138ebf9cfc5966b082cf9a028302ed4184","hash":"a532020e892100532bf1fb95c4cb3981b510d307"}
,"/home/elen.salustiano/Documentos/acho-server/src/schemas/user.js": {"path":"/home/elen.salustiano/Documentos/acho-server/src/schemas/user.js","statementMap":{"0":{"start":{"line":1,"column":12},"end":{"line":1,"column":26}},"1":{"start":{"line":3,"column":15},"end":{"line":15,"column":2}},"2":{"start":{"line":17,"column":26},"end":{"line":21,"column":3}},"3":{"start":{"line":23,"column":26},"end":{"line":26,"column":3}},"4":{"start":{"line":28,"column":20},"end":{"line":31,"column":2}},"5":{"start":{"line":33,"column":31},"end":{"line":36,"column":2}},"6":{"start":{"line":38,"column":29},"end":{"line":41,"column":2}},"7":{"start":{"line":43,"column":21},"end":{"line":58,"column":2}},"8":{"start":{"line":60,"column":0},"end":{"line":67,"column":1}}},"fnMap":{},"branchMap":{},"s":{"0":1,"1":1,"2":1,"3":1,"4":1,"5":1,"6":1,"7":1,"8":1},"f":{},"b":{},"_coverageSchema":"43e27e138ebf9cfc5966b082cf9a028302ed4184","hash":"81bba903cb3301e3f93abe6c0b994ace4983fd56"}
}
