TN:
SF:/home/elen.salustiano/Documentos/acho-server/src/router.js
FNF:0
FNH:0
DA:1,1
DA:3,1
DA:4,1
DA:6,1
DA:7,1
DA:8,1
DA:9,1
DA:10,1
DA:11,1
DA:12,1
DA:15,1
DA:16,1
DA:17,1
DA:20,1
DA:21,1
DA:24,1
DA:25,1
DA:26,1
DA:29,1
DA:30,1
DA:31,1
DA:32,1
DA:35,1
DA:36,1
DA:37,1
DA:38,1
DA:40,1
DA:41,1
DA:42,1
DA:43,1
DA:45,1
DA:46,1
DA:47,1
DA:50,1
DA:51,1
DA:54,1
DA:55,1
DA:56,1
DA:58,1
DA:60,1
LF:40
LH:40
BRF:0
BRH:0
end_of_record
TN:
SF:/home/elen.salustiano/Documentos/acho-server/src/app/lib/category.js
FN:9,(anonymous_0)
FN:15,(anonymous_1)
FN:25,(anonymous_2)
FN:36,(anonymous_3)
FN:52,(anonymous_4)
FN:63,(anonymous_5)
FN:74,(anonymous_6)
FN:87,(anonymous_7)
FN:88,(anonymous_8)
FN:88,(anonymous_9)
FN:89,(anonymous_10)
FN:89,(anonymous_11)
FN:90,(anonymous_12)
FN:90,(anonymous_13)
FN:104,(anonymous_14)
FN:113,(anonymous_15)
FN:116,(anonymous_16)
FN:118,(anonymous_17)
FN:131,(anonymous_18)
FN:135,(anonymous_19)
FN:136,(anonymous_20)
FN:151,(anonymous_21)
FN:168,(anonymous_22)
FN:184,(anonymous_23)
FN:194,(anonymous_24)
FNF:25
FNH:0
FNDA:0,(anonymous_0)
FNDA:0,(anonymous_1)
FNDA:0,(anonymous_2)
FNDA:0,(anonymous_3)
FNDA:0,(anonymous_4)
FNDA:0,(anonymous_5)
FNDA:0,(anonymous_6)
FNDA:0,(anonymous_7)
FNDA:0,(anonymous_8)
FNDA:0,(anonymous_9)
FNDA:0,(anonymous_10)
FNDA:0,(anonymous_11)
FNDA:0,(anonymous_12)
FNDA:0,(anonymous_13)
FNDA:0,(anonymous_14)
FNDA:0,(anonymous_15)
FNDA:0,(anonymous_16)
FNDA:0,(anonymous_17)
FNDA:0,(anonymous_18)
FNDA:0,(anonymous_19)
FNDA:0,(anonymous_20)
FNDA:0,(anonymous_21)
FNDA:0,(anonymous_22)
FNDA:0,(anonymous_23)
FNDA:0,(anonymous_24)
DA:1,1
DA:2,1
DA:3,1
DA:9,1
DA:15,1
DA:16,0
DA:17,0
DA:25,1
DA:26,0
DA:27,0
DA:36,1
DA:37,0
DA:43,0
DA:52,1
DA:53,0
DA:54,0
DA:63,1
DA:64,0
DA:65,0
DA:74,1
DA:75,0
DA:76,0
DA:87,1
DA:88,0
DA:89,0
DA:90,0
DA:92,0
DA:104,1
DA:105,0
DA:106,0
DA:111,0
DA:113,0
DA:114,0
DA:116,0
DA:118,0
DA:120,0
DA:122,0
DA:131,1
DA:132,0
DA:133,0
DA:135,0
DA:136,0
DA:137,0
DA:139,0
DA:140,0
DA:142,0
DA:151,1
DA:152,0
DA:153,0
DA:154,0
DA:156,0
DA:158,0
DA:159,0
DA:168,1
DA:169,0
DA:170,0
DA:172,0
DA:174,0
DA:176,0
DA:184,1
DA:185,0
DA:187,0
DA:194,1
DA:195,0
DA:196,0
DA:197,0
DA:199,0
DA:200,0
DA:202,0
DA:204,0
DA:208,1
LF:71
LH:18
BRDA:17,0,0,0
BRDA:17,0,1,0
BRDA:43,1,0,0
BRDA:43,1,1,0
BRDA:75,2,0,0
BRDA:75,2,1,0
BRDA:154,3,0,0
BRDA:154,3,1,0
BRDA:158,4,0,0
BRDA:158,4,1,0
BRDA:172,5,0,0
BRDA:172,5,1,0
BRDA:172,6,0,0
BRDA:172,6,1,0
BRDA:174,7,0,0
BRDA:174,7,1,0
BRDA:174,8,0,0
BRDA:174,8,1,0
BRDA:197,9,0,0
BRDA:197,9,1,0
BRDA:200,10,0,0
BRDA:200,10,1,0
BRF:22
BRH:0
end_of_record
TN:
SF:/home/elen.salustiano/Documentos/acho-server/src/app/lib/coupon.js
FN:8,(anonymous_0)
FN:16,(anonymous_1)
FNF:2
FNH:0
FNDA:0,(anonymous_0)
FNDA:0,(anonymous_1)
DA:1,1
DA:8,1
DA:16,1
DA:17,0
DA:19,0
DA:20,0
DA:22,0
DA:25,1
LF:8
LH:4
BRDA:19,0,0,0
BRDA:19,0,1,0
BRDA:20,1,0,0
BRDA:20,1,1,0
BRF:4
BRH:0
end_of_record
TN:
SF:/home/elen.salustiano/Documentos/acho-server/src/app/lib/email.js
FN:35,(anonymous_0)
FN:38,(anonymous_1)
FNF:2
FNH:0
FNDA:0,(anonymous_0)
FNDA:0,(anonymous_1)
DA:1,1
DA:2,1
DA:4,1
DA:5,1
DA:6,1
DA:8,1
DA:35,1
DA:36,0
DA:38,0
DA:39,0
DA:41,0
DA:48,0
DA:52,1
LF:13
LH:8
BRF:0
BRH:0
end_of_record
TN:
SF:/home/elen.salustiano/Documentos/acho-server/src/app/lib/error-wrap.js
FN:6,(anonymous_0)
FN:17,(anonymous_1)
FN:28,(anonymous_2)
FN:38,(anonymous_3)
FNF:4
FNH:4
FNDA:1,(anonymous_0)
FNDA:6,(anonymous_1)
FNDA:1,(anonymous_2)
FNDA:1,(anonymous_3)
DA:6,1
DA:17,6
DA:28,1
DA:38,1
DA:44,1
LF:5
LH:5
BRF:0
BRH:0
end_of_record
TN:
SF:/home/elen.salustiano/Documentos/acho-server/src/app/lib/notification.js
FN:11,(anonymous_0)
FN:17,(anonymous_1)
FN:18,(anonymous_2)
FN:46,(anonymous_3)
FN:52,(anonymous_4)
FN:59,(anonymous_5)
FNF:6
FNH:0
FNDA:0,(anonymous_0)
FNDA:0,(anonymous_1)
FNDA:0,(anonymous_2)
FNDA:0,(anonymous_3)
FNDA:0,(anonymous_4)
FNDA:0,(anonymous_5)
DA:1,1
DA:2,1
DA:3,1
DA:4,1
DA:11,1
DA:17,1
DA:18,0
DA:19,0
DA:20,0
DA:23,0
DA:25,0
DA:26,0
DA:28,0
DA:36,0
DA:46,1
DA:52,1
DA:59,1
DA:60,0
DA:61,0
DA:62,0
DA:64,0
DA:66,0
DA:67,0
DA:71,1
LF:24
LH:10
BRDA:19,0,0,0
BRDA:19,0,1,0
BRDA:25,1,0,0
BRDA:25,1,1,0
BRDA:62,2,0,0
BRDA:62,2,1,0
BRDA:66,3,0,0
BRDA:66,3,1,0
BRF:8
BRH:0
end_of_record
TN:
SF:/home/elen.salustiano/Documentos/acho-server/src/app/lib/object.js
FN:12,(anonymous_0)
FN:19,(anonymous_1)
FN:23,(anonymous_2)
FN:39,(anonymous_3)
FN:57,(anonymous_4)
FN:73,(anonymous_5)
FN:99,(anonymous_6)
FN:127,(anonymous_7)
FN:151,(anonymous_8)
FN:168,(anonymous_9)
FN:177,(anonymous_10)
FN:195,(anonymous_11)
FN:208,(anonymous_12)
FN:247,(anonymous_13)
FN:266,(anonymous_14)
FN:284,(anonymous_15)
FNF:16
FNH:0
FNDA:0,(anonymous_0)
FNDA:0,(anonymous_1)
FNDA:0,(anonymous_2)
FNDA:0,(anonymous_3)
FNDA:0,(anonymous_4)
FNDA:0,(anonymous_5)
FNDA:0,(anonymous_6)
FNDA:0,(anonymous_7)
FNDA:0,(anonymous_8)
FNDA:0,(anonymous_9)
FNDA:0,(anonymous_10)
FNDA:0,(anonymous_11)
FNDA:0,(anonymous_12)
FNDA:0,(anonymous_13)
FNDA:0,(anonymous_14)
FNDA:0,(anonymous_15)
DA:1,1
DA:2,1
DA:3,1
DA:4,1
DA:5,1
DA:12,1
DA:19,1
DA:20,0
DA:22,0
DA:23,0
DA:24,0
DA:25,0
DA:28,0
DA:31,0
DA:39,1
DA:40,0
DA:41,0
DA:43,0
DA:44,0
DA:45,0
DA:48,0
DA:57,1
DA:58,0
DA:59,0
DA:61,0
DA:62,0
DA:63,0
DA:65,0
DA:73,1
DA:74,0
DA:76,0
DA:77,0
DA:80,0
DA:81,0
DA:84,0
DA:85,0
DA:88,0
DA:89,0
DA:99,1
DA:100,0
DA:101,0
DA:103,0
DA:104,0
DA:110,0
DA:112,0
DA:114,0
DA:116,0
DA:117,0
DA:127,1
DA:128,0
DA:133,0
DA:134,0
DA:136,0
DA:138,0
DA:139,0
DA:142,0
DA:151,1
DA:152,0
DA:153,0
DA:154,0
DA:155,0
DA:157,0
DA:158,0
DA:168,1
DA:177,1
DA:178,0
DA:179,0
DA:180,0
DA:182,0
DA:183,0
DA:185,0
DA:195,1
DA:196,0
DA:197,0
DA:199,0
DA:208,1
DA:209,0
DA:214,0
DA:217,0
DA:218,0
DA:221,0
DA:222,0
DA:223,0
DA:224,0
DA:226,0
DA:235,0
DA:238,0
DA:247,1
DA:248,0
DA:249,0
DA:250,0
DA:252,0
DA:254,0
DA:255,0
DA:266,1
DA:267,0
DA:268,0
DA:269,0
DA:271,0
DA:273,0
DA:274,0
DA:284,1
DA:285,0
DA:286,0
DA:287,0
DA:289,0
DA:291,0
DA:292,0
DA:296,1
LF:109
LH:21
BRDA:22,0,0,0
BRDA:22,0,1,0
BRDA:24,1,0,0
BRDA:24,1,1,0
BRDA:76,2,0,0
BRDA:76,2,1,0
BRDA:80,3,0,0
BRDA:80,3,1,0
BRDA:80,4,0,0
BRDA:80,4,1,0
BRDA:84,5,0,0
BRDA:84,5,1,0
BRDA:88,6,0,0
BRDA:88,6,1,0
BRDA:88,7,0,0
BRDA:88,7,1,0
BRDA:112,8,0,0
BRDA:112,8,1,0
BRDA:116,9,0,0
BRDA:116,9,1,0
BRDA:134,10,0,0
BRDA:134,10,1,0
BRDA:138,11,0,0
BRDA:138,11,1,0
BRDA:154,12,0,0
BRDA:154,12,1,0
BRDA:157,13,0,0
BRDA:157,13,1,0
BRDA:168,14,0,0
BRDA:182,15,0,0
BRDA:182,15,1,0
BRDA:183,16,0,0
BRDA:183,16,1,0
BRDA:197,17,0,0
BRDA:197,17,1,0
BRDA:217,18,0,0
BRDA:217,18,1,0
BRDA:222,19,0,0
BRDA:222,19,1,0
BRDA:250,20,0,0
BRDA:250,20,1,0
BRDA:254,21,0,0
BRDA:254,21,1,0
BRDA:269,22,0,0
BRDA:269,22,1,0
BRDA:273,23,0,0
BRDA:273,23,1,0
BRDA:287,24,0,0
BRDA:287,24,1,0
BRDA:291,25,0,0
BRDA:291,25,1,0
BRF:51
BRH:0
end_of_record
TN:
SF:/home/elen.salustiano/Documentos/acho-server/src/app/lib/user.js
FN:13,(anonymous_0)
FN:21,(anonymous_1)
FN:28,(anonymous_2)
FN:56,(anonymous_3)
FN:79,(anonymous_4)
FN:87,(anonymous_5)
FN:99,(anonymous_6)
FN:111,(anonymous_7)
FNF:8
FNH:1
FNDA:0,(anonymous_0)
FNDA:0,(anonymous_1)
FNDA:0,(anonymous_2)
FNDA:0,(anonymous_3)
FNDA:0,(anonymous_4)
FNDA:0,(anonymous_5)
FNDA:4,(anonymous_6)
FNDA:0,(anonymous_7)
DA:1,1
DA:3,1
DA:4,1
DA:5,1
DA:6,1
DA:13,1
DA:21,1
DA:28,1
DA:29,0
DA:30,0
DA:33,0
DA:35,0
DA:36,0
DA:38,0
DA:41,0
DA:42,0
DA:44,0
DA:46,0
DA:47,0
DA:56,1
DA:57,0
DA:59,0
DA:62,0
DA:64,0
DA:65,0
DA:67,0
DA:70,0
DA:72,0
DA:79,1
DA:87,1
DA:88,0
DA:89,0
DA:90,0
DA:99,1
DA:100,4
DA:101,4
DA:102,4
DA:111,1
DA:112,0
DA:113,0
DA:114,0
DA:116,0
DA:117,0
DA:120,1
LF:44
LH:17
BRDA:33,0,0,0
BRDA:33,0,1,0
BRDA:41,1,0,0
BRDA:41,1,1,0
BRDA:46,2,0,0
BRDA:46,2,1,0
BRDA:59,3,0,0
BRDA:59,3,1,0
BRDA:62,4,0,0
BRDA:62,4,1,0
BRDA:70,5,0,0
BRDA:70,5,1,0
BRDA:87,6,0,0
BRDA:89,7,0,0
BRDA:89,7,1,0
BRDA:99,8,0,0
BRDA:101,9,0,0
BRDA:101,9,1,4
BRDA:114,10,0,0
BRDA:114,10,1,0
BRF:20
BRH:1
end_of_record
TN:
SF:/home/elen.salustiano/Documentos/acho-server/src/app/models/applicant.js
FNF:0
FNH:0
DA:1,1
DA:2,1
DA:4,1
DA:11,1
LF:4
LH:4
BRF:0
BRH:0
end_of_record
TN:
SF:/home/elen.salustiano/Documentos/acho-server/src/app/models/category.js
FNF:0
FNH:0
DA:1,1
DA:3,1
DA:14,1
LF:3
LH:3
BRF:0
BRH:0
end_of_record
TN:
SF:/home/elen.salustiano/Documentos/acho-server/src/app/models/coupon.js
FNF:0
FNH:0
DA:1,1
DA:3,1
DA:14,1
LF:3
LH:3
BRF:0
BRH:0
end_of_record
TN:
SF:/home/elen.salustiano/Documentos/acho-server/src/app/models/institution.js
FNF:0
FNH:0
DA:1,1
DA:2,1
DA:4,1
DA:12,1
LF:4
LH:4
BRF:0
BRH:0
end_of_record
TN:
SF:/home/elen.salustiano/Documentos/acho-server/src/app/models/notification.js
FNF:0
FNH:0
DA:1,1
DA:3,1
DA:10,1
DA:15,1
LF:4
LH:4
BRF:0
BRH:0
end_of_record
TN:
SF:/home/elen.salustiano/Documentos/acho-server/src/app/models/object.js
FNF:0
FNH:0
DA:1,1
DA:3,1
DA:27,1
DA:29,1
LF:4
LH:4
BRF:0
BRH:0
end_of_record
TN:
SF:/home/elen.salustiano/Documentos/acho-server/src/app/models/user.js
FNF:0
FNH:0
DA:1,1
DA:3,1
DA:4,1
DA:20,1
LF:4
LH:4
BRF:0
BRH:0
end_of_record
TN:
SF:/home/elen.salustiano/Documentos/acho-server/src/app/services/applicant.js
FN:14,(anonymous_0)
FN:35,(anonymous_1)
FNF:2
FNH:2
FNDA:3,(anonymous_0)
FNDA:4,(anonymous_1)
DA:1,1
DA:2,1
DA:3,1
DA:4,1
DA:5,1
DA:14,1
DA:15,3
DA:16,3
DA:17,3
DA:18,0
DA:19,0
DA:20,0
DA:22,0
DA:24,3
DA:35,1
DA:36,4
DA:37,4
DA:39,3
DA:41,0
DA:47,0
DA:49,4
DA:53,1
LF:22
LH:16
BRF:0
BRH:0
end_of_record
TN:
SF:/home/elen.salustiano/Documentos/acho-server/src/app/services/category.js
FN:10,(anonymous_0)
FN:24,(anonymous_1)
FN:41,(anonymous_2)
FN:58,(anonymous_3)
FNF:4
FNH:0
FNDA:0,(anonymous_0)
FNDA:0,(anonymous_1)
FNDA:0,(anonymous_2)
FNDA:0,(anonymous_3)
DA:1,1
DA:2,1
DA:3,1
DA:4,1
DA:10,1
DA:11,0
DA:12,0
DA:14,0
DA:16,0
DA:24,1
DA:25,0
DA:26,0
DA:28,0
DA:29,0
DA:31,0
DA:33,0
DA:41,1
DA:42,0
DA:43,0
DA:45,0
DA:46,0
DA:48,0
DA:50,0
DA:58,1
DA:59,0
DA:60,0
DA:62,0
DA:64,0
DA:66,0
DA:70,1
LF:30
LH:9
BRF:0
BRH:0
end_of_record
TN:
SF:/home/elen.salustiano/Documentos/acho-server/src/app/services/coupon.js
FN:9,(anonymous_0)
FN:26,(anonymous_1)
FNF:2
FNH:0
FNDA:0,(anonymous_0)
FNDA:0,(anonymous_1)
DA:1,1
DA:2,1
DA:3,1
DA:9,1
DA:10,0
DA:11,0
DA:12,0
DA:14,0
DA:16,0
DA:26,1
DA:27,0
DA:28,0
DA:30,0
DA:32,0
DA:36,1
LF:15
LH:6
BRF:0
BRH:0
end_of_record
TN:
SF:/home/elen.salustiano/Documentos/acho-server/src/app/services/institution.js
FN:14,(anonymous_0)
FN:35,(anonymous_1)
FN:52,(anonymous_2)
FNF:3
FNH:0
FNDA:0,(anonymous_0)
FNDA:0,(anonymous_1)
FNDA:0,(anonymous_2)
DA:1,1
DA:2,1
DA:3,1
DA:4,1
DA:5,1
DA:14,1
DA:15,0
DA:16,0
DA:17,0
DA:18,0
DA:19,0
DA:20,0
DA:22,0
DA:24,0
DA:35,1
DA:36,0
DA:37,0
DA:39,0
DA:41,0
DA:52,1
DA:53,0
DA:54,0
DA:55,0
DA:57,0
DA:63,0
DA:65,0
DA:69,1
LF:27
LH:9
BRF:0
BRH:0
end_of_record
TN:
SF:/home/elen.salustiano/Documentos/acho-server/src/app/services/notification.js
FN:9,(anonymous_0)
FN:29,(anonymous_1)
FN:43,(anonymous_2)
FNF:3
FNH:0
FNDA:0,(anonymous_0)
FNDA:0,(anonymous_1)
FNDA:0,(anonymous_2)
DA:1,1
DA:2,1
DA:3,1
DA:9,1
DA:10,0
DA:11,0
DA:12,0
DA:17,0
DA:19,0
DA:21,0
DA:29,1
DA:30,0
DA:31,0
DA:33,0
DA:35,0
DA:43,1
DA:44,0
DA:45,0
DA:47,0
DA:49,0
DA:53,1
LF:21
LH:7
BRF:0
BRH:0
end_of_record
TN:
SF:/home/elen.salustiano/Documentos/acho-server/src/app/services/object.js
FN:20,(anonymous_0)
FN:41,(anonymous_1)
FN:57,(anonymous_2)
FN:82,(anonymous_3)
FN:100,(anonymous_4)
FN:120,(anonymous_5)
FN:136,(anonymous_6)
FN:153,(anonymous_7)
FN:169,(anonymous_8)
FN:186,(anonymous_9)
FN:209,(anonymous_10)
FNF:11
FNH:0
FNDA:0,(anonymous_0)
FNDA:0,(anonymous_1)
FNDA:0,(anonymous_2)
FNDA:0,(anonymous_3)
FNDA:0,(anonymous_4)
FNDA:0,(anonymous_5)
FNDA:0,(anonymous_6)
FNDA:0,(anonymous_7)
FNDA:0,(anonymous_8)
FNDA:0,(anonymous_9)
FNDA:0,(anonymous_10)
DA:1,1
DA:2,1
DA:9,1
DA:10,1
DA:11,1
DA:12,1
DA:13,1
DA:20,1
DA:21,0
DA:22,0
DA:23,0
DA:25,0
DA:27,0
DA:29,0
DA:31,0
DA:33,0
DA:41,1
DA:42,0
DA:43,0
DA:44,0
DA:46,0
DA:48,0
DA:57,1
DA:58,0
DA:59,0
DA:60,0
DA:62,0
DA:64,0
DA:69,0
DA:71,0
DA:73,0
DA:82,1
DA:83,0
DA:84,0
DA:85,0
DA:87,0
DA:89,0
DA:91,0
DA:100,1
DA:101,0
DA:102,0
DA:103,0
DA:105,0
DA:107,0
DA:109,0
DA:120,1
DA:121,0
DA:122,0
DA:124,0
DA:126,0
DA:136,1
DA:137,0
DA:138,0
DA:140,0
DA:142,0
DA:144,0
DA:153,1
DA:154,0
DA:155,0
DA:156,0
DA:158,0
DA:160,0
DA:169,1
DA:170,0
DA:171,0
DA:173,0
DA:175,0
DA:177,0
DA:186,1
DA:187,0
DA:188,0
DA:189,0
DA:191,0
DA:196,0
DA:198,0
DA:200,0
DA:209,1
DA:210,0
DA:211,0
DA:213,0
DA:215,0
DA:217,0
DA:221,1
LF:83
LH:19
BRF:0
BRH:0
end_of_record
TN:
SF:/home/elen.salustiano/Documentos/acho-server/src/app/services/user.js
FN:15,(anonymous_0)
FN:35,(anonymous_1)
FN:63,(anonymous_2)
FNF:3
FNH:0
FNDA:0,(anonymous_0)
FNDA:0,(anonymous_1)
FNDA:0,(anonymous_2)
DA:1,1
DA:2,1
DA:3,1
DA:4,1
DA:5,1
DA:6,1
DA:15,1
DA:16,0
DA:17,0
DA:19,0
DA:20,0
DA:22,0
DA:24,0
DA:35,1
DA:36,0
DA:37,0
DA:38,0
DA:39,0
DA:41,0
DA:42,0
DA:44,0
DA:49,0
DA:50,0
DA:52,0
DA:63,1
DA:64,0
DA:65,0
DA:66,0
DA:68,0
DA:69,0
DA:71,0
DA:73,0
DA:77,1
LF:33
LH:10
BRDA:46,0,0,0
BRDA:46,0,1,0
BRF:2
BRH:0
end_of_record
TN:
SF:/home/elen.salustiano/Documentos/acho-server/src/auth/auth.js
FN:10,(anonymous_0)
FN:17,(anonymous_1)
FNF:2
FNH:2
FNDA:1,(anonymous_0)
FNDA:4,(anonymous_1)
DA:1,1
DA:2,1
DA:10,1
DA:17,4
DA:19,1
LF:5
LH:5
BRF:0
BRH:0
end_of_record
TN:
SF:/home/elen.salustiano/Documentos/acho-server/src/config/bd-connect.js
FNF:0
FNH:0
DA:1,1
DA:2,1
DA:4,1
DA:6,1
LF:4
LH:4
BRF:0
BRH:0
end_of_record
TN:
SF:/home/elen.salustiano/Documentos/acho-server/src/middleware/auth.js
FN:5,(anonymous_0)
FNF:1
FNH:1
FNDA:5,(anonymous_0)
DA:1,1
DA:2,1
DA:3,1
DA:5,1
DA:6,5
DA:7,5
DA:8,4
DA:9,4
DA:10,4
DA:11,4
DA:12,4
DA:14,0
DA:16,1
DA:18,1
LF:14
LH:13
BRDA:7,0,0,4
BRDA:7,0,1,1
BRDA:9,1,0,4
BRDA:9,1,1,0
BRDA:9,2,0,4
BRDA:9,2,1,4
BRF:6
BRH:5
end_of_record
TN:
SF:/home/elen.salustiano/Documentos/acho-server/src/middleware/error.js
FN:3,(anonymous_0)
FNF:1
FNH:1
FNDA:8,(anonymous_0)
DA:1,1
DA:3,1
DA:4,8
DA:5,8
DA:6,8
LF:5
LH:5
BRDA:5,0,0,6
BRDA:5,0,1,2
BRF:2
BRH:2
end_of_record
TN:
SF:/home/elen.salustiano/Documentos/acho-server/src/middleware/permission.js
FN:7,(anonymous_0)
FN:15,(anonymous_1)
FN:23,(anonymous_2)
FNF:3
FNH:1
FNDA:0,(anonymous_0)
FNDA:4,(anonymous_1)
FNDA:0,(anonymous_2)
DA:1,1
DA:7,1
DA:8,0
DA:15,1
DA:16,4
DA:23,1
DA:24,0
DA:27,1
LF:8
LH:6
BRDA:8,0,0,0
BRDA:8,0,1,0
BRDA:16,1,0,1
BRDA:16,1,1,3
BRDA:24,2,0,0
BRDA:24,2,1,0
BRF:6
BRH:2
end_of_record
TN:
SF:/home/elen.salustiano/Documentos/acho-server/src/middleware/validator.js
FN:3,(anonymous_0)
FN:6,(anonymous_1)
FNF:2
FNH:1
FNDA:6,(anonymous_0)
FNDA:0,(anonymous_1)
DA:1,1
DA:3,1
DA:4,6
DA:5,0
DA:6,0
DA:7,0
DA:13,0
LF:7
LH:3
BRDA:5,0,0,0
BRDA:5,0,1,0
BRF:2
BRH:0
end_of_record
TN:
SF:/home/elen.salustiano/Documentos/acho-server/src/schemas/category.js
FNF:0
FNH:0
DA:1,1
DA:3,1
DA:12,1
DA:21,1
LF:4
LH:4
BRF:0
BRH:0
end_of_record
TN:
SF:/home/elen.salustiano/Documentos/acho-server/src/schemas/coupon.js
FNF:0
FNH:0
DA:1,1
DA:3,1
DA:13,1
LF:3
LH:3
BRF:0
BRH:0
end_of_record
TN:
SF:/home/elen.salustiano/Documentos/acho-server/src/schemas/object.js
FNF:0
FNH:0
DA:1,1
DA:3,1
DA:14,1
DA:18,1
DA:22,1
DA:33,1
DA:37,1
LF:7
LH:7
BRF:0
BRH:0
end_of_record
TN:
SF:/home/elen.salustiano/Documentos/acho-server/src/schemas/user.js
FNF:0
FNH:0
DA:1,1
DA:3,1
DA:17,1
DA:23,1
DA:28,1
DA:33,1
DA:38,1
DA:43,1
DA:60,1
LF:9
LH:9
BRF:0
BRH:0
end_of_record
